\BOOKMARK [0][-]{chapter.1}{\376\377\000デ\000ー\000タ\000構\000造\000索\000引}{}% 1
\BOOKMARK [1][-]{section.1.1}{\376\377\000デ\000ー\000タ\000構\000造}{chapter.1}% 2
\BOOKMARK [0][-]{chapter.2}{\376\377\000フ\000ァ\000イ\000ル\000索\000引}{}% 3
\BOOKMARK [1][-]{section.2.1}{\376\377\000フ\000ァ\000イ\000ル\000一\000覧}{chapter.2}% 4
\BOOKMARK [0][-]{chapter.3}{\376\377\000デ\000ー\000タ\000構\000造}{}% 5
\BOOKMARK [1][-]{section.3.1}{\376\377\000構\000造\000体\000\040\000a\000b\000s\000t\000r\000a\000c\000t\000\137\000s\000y\000n\000t\000a\000x\000\137\000t\000r\000e\000e}{chapter.3}% 6
\BOOKMARK [2][-]{subsection.3.1.1}{\376\377\000説\000明}{section.3.1}% 7
\BOOKMARK [1][-]{section.3.2}{\376\377\000構\000造\000体\000\040\000a\000r\000r\000a\000y\000\137\000o\000f\000f\000s\000e\000t}{chapter.3}% 8
\BOOKMARK [2][-]{subsection.3.2.1}{\376\377\000説\000明}{section.3.2}% 9
\BOOKMARK [1][-]{section.3.3}{\376\377\000構\000造\000体\000\040\000d\000i\000v\000i\000t\000i\000o\000n\000\137\000i\000n\000f\000o\000r\000m\000a\000t\000i\000o\000n}{chapter.3}% 10
\BOOKMARK [2][-]{subsection.3.3.1}{\376\377\000説\000明}{section.3.3}% 11
\BOOKMARK [1][-]{section.3.4}{\376\377\000構\000造\000体\000\040\000f\000o\000r\000\137\000i\000n\000f\000o\000r\000m\000a\000t\000i\000o\000n}{chapter.3}% 12
\BOOKMARK [2][-]{subsection.3.4.1}{\376\377\000説\000明}{section.3.4}% 13
\BOOKMARK [1][-]{section.3.5}{\376\377\000構\000造\000体\000\040\000f\000r\000e\000e\000m\000e\000m\000\137\000i\000n\000f\000o}{chapter.3}% 14
\BOOKMARK [2][-]{subsection.3.5.1}{\376\377\000説\000明}{section.3.5}% 15
\BOOKMARK [1][-]{section.3.6}{\376\377\000構\000造\000体\000\040\000f\000u\000n\000c\000t\000i\000o\000n\000\137\000i\000n\000f\000o\000r\000m\000a\000t\000i\000o\000n}{chapter.3}% 16
\BOOKMARK [2][-]{subsection.3.6.1}{\376\377\000説\000明}{section.3.6}% 17
\BOOKMARK [1][-]{section.3.7}{\376\377\000構\000造\000体\000\040\000i\000n\000c\000l\000u\000d\000e\000\137\000d\000a\000t\000a}{chapter.3}% 18
\BOOKMARK [2][-]{subsection.3.7.1}{\376\377\000説\000明}{section.3.7}% 19
\BOOKMARK [1][-]{section.3.8}{\376\377\000構\000造\000体\000\040\000m\000e\000m\000o\000r\000y\000\137\000a\000l\000l\000o\000c\000a\000t\000i\000o\000n\000\137\000i\000n\000f\000o}{chapter.3}% 20
\BOOKMARK [2][-]{subsection.3.8.1}{\376\377\000説\000明}{section.3.8}% 21
\BOOKMARK [1][-]{section.3.9}{\376\377\000構\000造\000体\000\040\000p\000a\000r\000a\000m\000\137\000i\000n\000f\000o\000r\000m\000a\000t\000i\000o\000n}{chapter.3}% 22
\BOOKMARK [2][-]{subsection.3.9.1}{\376\377\000説\000明}{section.3.9}% 23
\BOOKMARK [1][-]{section.3.10}{\376\377\000構\000造\000体\000\040\000r\000e\000t\000u\000r\000n\000\137\000i\000n\000f\000o}{chapter.3}% 24
\BOOKMARK [2][-]{subsection.3.10.1}{\376\377\000説\000明}{section.3.10}% 25
\BOOKMARK [1][-]{section.3.11}{\376\377\000構\000造\000体\000\040\000s\000t\000r\000u\000c\000t\000\137\000t\000a\000b\000l\000e}{chapter.3}% 26
\BOOKMARK [2][-]{subsection.3.11.1}{\376\377\000説\000明}{section.3.11}% 27
\BOOKMARK [1][-]{section.3.12}{\376\377\000構\000造\000体\000\040\000t\000y\000p\000e\000d\000e\000f\000\137\000t\000a\000b\000l\000e}{chapter.3}% 28
\BOOKMARK [2][-]{subsection.3.12.1}{\376\377\000説\000明}{section.3.12}% 29
\BOOKMARK [1][-]{section.3.13}{\376\377\000構\000造\000体\000\040\000v\000a\000l\000i\000d\000a\000t\000e\000\137\000s\000t\000a\000t\000e\000m\000e\000n\000t}{chapter.3}% 30
\BOOKMARK [2][-]{subsection.3.13.1}{\376\377\000説\000明}{section.3.13}% 31
\BOOKMARK [1][-]{section.3.14}{\376\377\000構\000造\000体\000\040\000v\000a\000l\000i\000d\000a\000t\000e\000\137\000v\000a\000r\000i\000a\000b\000l\000e}{chapter.3}% 32
\BOOKMARK [2][-]{subsection.3.14.1}{\376\377\000説\000明}{section.3.14}% 33
\BOOKMARK [1][-]{section.3.15}{\376\377\000構\000造\000体\000\040\000v\000a\000r\000i\000a\000b\000l\000e\000\137\000t\000a\000b\000l\000e}{chapter.3}% 34
\BOOKMARK [2][-]{subsection.3.15.1}{\376\377\000説\000明}{section.3.15}% 35
\BOOKMARK [0][-]{chapter.4}{\376\377\000フ\000ァ\000イ\000ル}{}% 36
\BOOKMARK [1][-]{section.4.1}{\376\377\000A\000N\000S\000I\000C\000I\000n\000f\000o\000r\000m\000a\000t\000i\000o\000n\000/\000A\000N\000S\000I\000C\000\137\000C\000O\000D\000E\000.\000h}{chapter.4}% 37
\BOOKMARK [2][-]{subsection.4.1.1}{\376\377\000説\000明}{section.4.1}% 38
\BOOKMARK [2][-]{subsection.4.1.2}{\376\377\000関\000数}{section.4.1}% 39
\BOOKMARK [3][-]{subsubsection.4.1.2.1}{\376\377\000A\000S\000T\000L\000I\000S\000T\000\137\000I\000T\000E\000R\000A\000T\000O\000R\000\137\0001}{subsection.4.1.2}% 40
\BOOKMARK [3][-]{subsubsection.4.1.2.2}{\376\377\000A\000S\000T\000L\000I\000S\000T\000\137\000I\000T\000E\000R\000A\000T\000O\000R\000\137\0002}{subsection.4.1.2}% 41
\BOOKMARK [3][-]{subsubsection.4.1.2.3}{\376\377\000A\000S\000T\000L\000I\000S\000T\000\137\000I\000T\000E\000R\000A\000T\000O\000R\000\137\0003}{subsection.4.1.2}% 42
\BOOKMARK [3][-]{subsubsection.4.1.2.4}{\376\377\000A\000S\000T\000L\000I\000S\000T\000\137\000I\000T\000E\000R\000A\000T\000O\000R\000\137\0004}{subsection.4.1.2}% 43
\BOOKMARK [3][-]{subsubsection.4.1.2.5}{\376\377\000A\000S\000T\000L\000I\000S\000T\000\137\000I\000T\000E\000R\000A\000T\000O\000R\000\137\0005}{subsection.4.1.2}% 44
\BOOKMARK [3][-]{subsubsection.4.1.2.6}{\376\377\000A\000S\000T\000L\000I\000S\000T\000\137\000I\000T\000E\000R\000A\000T\000O\000R\000\137\0006}{subsection.4.1.2}% 45
\BOOKMARK [3][-]{subsubsection.4.1.2.7}{\376\377\000A\000S\000T\000L\000I\000S\000T\000\137\000I\000T\000E\000R\000A\000T\000O\000R\000\137\0007}{subsection.4.1.2}% 46
\BOOKMARK [1][-]{section.4.2}{\376\377\000A\000N\000S\000I\000C\000I\000n\000f\000o\000r\000m\000a\000t\000i\000o\000n\000/\000A\000S\000T\000.\000h}{chapter.4}% 47
\BOOKMARK [2][-]{subsection.4.2.1}{\376\377\000説\000明}{section.4.2}% 48
\BOOKMARK [2][-]{subsection.4.2.2}{\376\377\000型\000定\000義}{section.4.2}% 49
\BOOKMARK [3][-]{subsubsection.4.2.2.1}{\376\377\000A\000S\000T}{subsection.4.2.2}% 50
\BOOKMARK [2][-]{subsection.4.2.3}{\376\377\000関\000数}{section.4.2}% 51
\BOOKMARK [3][-]{subsubsection.4.2.3.1}{\376\377\000d\000e\000l\000e\000t\000e\000A\000S\000T}{subsection.4.2.3}% 52
\BOOKMARK [3][-]{subsubsection.4.2.3.2}{\376\377\000f\000i\000n\000d\000A\000S\000T\000A\000d\000d\000r\000e\000s\000s}{subsection.4.2.3}% 53
\BOOKMARK [3][-]{subsubsection.4.2.3.3}{\376\377\000f\000p\000r\000i\000n\000t\000D\000a\000t\000a\000F\000r\000o\000m\000A\000S\000T}{subsection.4.2.3}% 54
\BOOKMARK [3][-]{subsubsection.4.2.3.4}{\376\377\000f\000p\000r\000i\000n\000t\000f\000S\000t\000a\000t\000e\000m\000e\000n\000t}{subsection.4.2.3}% 55
\BOOKMARK [3][-]{subsubsection.4.2.3.5}{\376\377\000g\000e\000t\000A\000r\000g\000u\000m\000e\000n\000t\000A\000S\000T}{subsection.4.2.3}% 56
\BOOKMARK [3][-]{subsubsection.4.2.3.6}{\376\377\000g\000e\000t\000A\000r\000g\000u\000m\000e\000n\000t\000S\000t\000r\000i\000n\000g}{subsection.4.2.3}% 57
\BOOKMARK [3][-]{subsubsection.4.2.3.7}{\376\377\000g\000e\000t\000A\000r\000g\000u\000m\000e\000n\000t\000S\000t\000r\000i\000n\000g\000E\000n\000a\000b\000l\000e\000E\000x\000c\000e\000p\000t}{subsection.4.2.3}% 58
\BOOKMARK [3][-]{subsubsection.4.2.3.8}{\376\377\000g\000e\000t\000A\000S\000T\000w\000i\000t\000h\000S\000t\000r\000i\000n\000g}{subsection.4.2.3}% 59
\BOOKMARK [3][-]{subsubsection.4.2.3.9}{\376\377\000g\000e\000t\000S\000t\000r\000i\000n\000g\000F\000r\000o\000m\000A\000S\000T}{subsection.4.2.3}% 60
\BOOKMARK [3][-]{subsubsection.4.2.3.10}{\376\377\000g\000e\000t\000S\000t\000r\000i\000n\000g\000F\000r\000o\000m\000A\000S\000T\000E\000n\000a\000b\000l\000e\000E\000x\000c\000e\000p\000t}{subsection.4.2.3}% 61
\BOOKMARK [3][-]{subsubsection.4.2.3.11}{\376\377\000g\000e\000t\000S\000t\000r\000i\000n\000g\000R\000e\000p\000l\000a\000c\000e\000A\000S\000T\000t\000o\000S\000t\000r\000i\000n\000g}{subsection.4.2.3}% 62
\BOOKMARK [3][-]{subsubsection.4.2.3.12}{\376\377\000m\000u\000l\000t\000i\000\137\000p\000u\000s\000h\000\137\000b\000a\000c\000k\000\137\000c\000h\000i\000l\000d\000r\000e\000n\000A\000S\000T}{subsection.4.2.3}% 63
\BOOKMARK [3][-]{subsubsection.4.2.3.13}{\376\377\000n\000e\000w\000\137\000A\000S\000T}{subsection.4.2.3}% 64
\BOOKMARK [3][-]{subsubsection.4.2.3.14}{\376\377\000p\000r\000i\000n\000t\000D\000a\000t\000a\000F\000r\000o\000m\000A\000S\000T}{subsection.4.2.3}% 65
\BOOKMARK [3][-]{subsubsection.4.2.3.15}{\376\377\000p\000r\000i\000n\000t\000T\000a\000r\000g\000e\000t\000A\000S\000T\000N\000o\000d\000e}{subsection.4.2.3}% 66
\BOOKMARK [3][-]{subsubsection.4.2.3.16}{\376\377\000p\000u\000s\000h\000\137\000b\000a\000c\000k\000\137\000c\000h\000i\000l\000d\000r\000e\000n\000A\000S\000T}{subsection.4.2.3}% 67
\BOOKMARK [3][-]{subsubsection.4.2.3.17}{\376\377\000s\000a\000m\000e\000\137\000n\000e\000w\000\137\000A\000S\000T}{subsection.4.2.3}% 68
\BOOKMARK [3][-]{subsubsection.4.2.3.18}{\376\377\000s\000e\000t\000A\000S\000T\000B\000l\000o\000c\000k\000l\000e\000v\000e\000l\000A\000n\000d\000I\000d}{subsection.4.2.3}% 69
\BOOKMARK [3][-]{subsubsection.4.2.3.19}{\376\377\000s\000e\000t\000A\000S\000T\000R\000e\000t\000u\000r\000n\000T\000y\000p\000e}{subsection.4.2.3}% 70
\BOOKMARK [3][-]{subsubsection.4.2.3.20}{\376\377\000t\000r\000a\000v\000e\000r\000s\000e\000A\000S\000T}{subsection.4.2.3}% 71
\BOOKMARK [3][-]{subsubsection.4.2.3.21}{\376\377\000t\000r\000a\000v\000e\000r\000s\000e\000A\000S\000T\000w\000i\000t\000h\000X\000M\000L}{subsection.4.2.3}% 72
\BOOKMARK [1][-]{section.4.3}{\376\377\000A\000N\000S\000I\000C\000I\000n\000f\000o\000r\000m\000a\000t\000i\000o\000n\000/\000D\000i\000v\000i\000t\000i\000o\000n\000D\000e\000c\000l\000a\000r\000a\000t\000o\000r\000.\000h}{chapter.4}% 73
\BOOKMARK [2][-]{subsection.4.3.1}{\376\377\000説\000明}{section.4.3}% 74
\BOOKMARK [2][-]{subsection.4.3.2}{\376\377\000関\000数}{section.4.3}% 75
\BOOKMARK [3][-]{subsubsection.4.3.2.1}{\376\377\000O\000u\000t\000p\000u\000t\000S\000o\000u\000r\000c\000e\000A\000f\000t\000e\000r\000D\000i\000v\000i\000t\000i\000o\000n\000D\000e\000c\000l\000a\000r\000a\000t\000o\000r}{subsection.4.3.2}% 76
\BOOKMARK [1][-]{section.4.4}{\376\377\000A\000N\000S\000I\000C\000I\000n\000f\000o\000r\000m\000a\000t\000i\000o\000n\000/\000D\000i\000v\000i\000t\000i\000o\000n\000I\000n\000f\000o\000r\000m\000a\000t\000i\000o\000n\000.\000h}{chapter.4}% 77
\BOOKMARK [2][-]{subsection.4.4.1}{\376\377\000説\000明}{section.4.4}% 78
\BOOKMARK [2][-]{subsection.4.4.2}{\376\377\000型\000定\000義}{section.4.4}% 79
\BOOKMARK [3][-]{subsubsection.4.4.2.1}{\376\377\000D\000I\000V\000I\000T\000I\000O\000N\000\137\000I\000N\000F\000O\000R\000M\000A\000T\000I\000O\000N}{subsection.4.4.2}% 80
\BOOKMARK [2][-]{subsection.4.4.3}{\376\377\000関\000数}{section.4.4}% 81
\BOOKMARK [3][-]{subsubsection.4.4.3.1}{\376\377\000g\000e\000t\000D\000I\000V\000I\000T\000I\000O\000N\000\137\000I\000N\000F\000O\000R\000M\000A\000T\000I\000O\000N\000\137\000L\000I\000S\000T}{subsection.4.4.3}% 82
\BOOKMARK [3][-]{subsubsection.4.4.3.2}{\376\377\000n\000e\000w\000\137\000D\000I\000V\000I\000T\000I\000O\000N\000\137\000I\000N\000F\000O\000R\000M\000A\000T\000I\000O\000N}{subsection.4.4.3}% 83
\BOOKMARK [3][-]{subsubsection.4.4.3.3}{\376\377\000n\000e\000w\000\137\000D\000I\000V\000I\000T\000I\000O\000N\000\137\000I\000N\000F\000O\000R\000M\000A\000T\000I\000O\000N\000\137\000c\000h\000a\000r}{subsection.4.4.3}% 84
\BOOKMARK [3][-]{subsubsection.4.4.3.4}{\376\377\000p\000r\000i\000n\000t\000D\000I\000V\000I\000T\000I\000O\000N\000\137\000I\000N\000F\000O\000R\000M\000A\000T\000I\000O\000N\000\137\000L\000I\000S\000T}{subsection.4.4.3}% 85
\BOOKMARK [1][-]{section.4.5}{\376\377\000A\000N\000S\000I\000C\000I\000n\000f\000o\000r\000m\000a\000t\000i\000o\000n\000/\000F\000o\000r\000I\000n\000f\000o\000r\000m\000a\000t\000i\000o\000n\000.\000h}{chapter.4}% 86
\BOOKMARK [2][-]{subsection.4.5.1}{\376\377\000説\000明}{section.4.5}% 87
\BOOKMARK [2][-]{subsection.4.5.2}{\376\377\000型\000定\000義}{section.4.5}% 88
\BOOKMARK [3][-]{subsubsection.4.5.2.1}{\376\377\000F\000O\000R\000\137\000I\000N\000F\000O\000R\000M\000A\000T\000I\000O\000N}{subsection.4.5.2}% 89
\BOOKMARK [2][-]{subsection.4.5.3}{\376\377\000関\000数}{section.4.5}% 90
\BOOKMARK [3][-]{subsubsection.4.5.3.1}{\376\377\000g\000e\000t\000F\000O\000R\000\137\000I\000N\000F\000O\000R\000M\000A\000T\000I\000O\000N\000\137\000L\000I\000S\000T}{subsection.4.5.3}% 91
\BOOKMARK [3][-]{subsubsection.4.5.3.2}{\376\377\000n\000e\000w\000\137\000F\000O\000R\000\137\000I\000N\000F\000O\000R\000M\000A\000T\000I\000O\000N}{subsection.4.5.3}% 92
\BOOKMARK [3][-]{subsubsection.4.5.3.3}{\376\377\000p\000r\000i\000n\000t\000\137\000F\000O\000R\000\137\000I\000N\000F\000O\000R\000M\000A\000T\000I\000O\000N\000\137\000L\000I\000S\000T}{subsection.4.5.3}% 93
\BOOKMARK [3][-]{subsubsection.4.5.3.4}{\376\377\000s\000e\000a\000r\000c\000h\000F\000O\000R\000\137\000I\000N\000F\000O\000R\000M\000A\000T\000I\000O\000N\000\137\000F\000r\000o\000m\000A\000S\000T}{subsection.4.5.3}% 94
\BOOKMARK [1][-]{section.4.6}{\376\377\000A\000N\000S\000I\000C\000I\000n\000f\000o\000r\000m\000a\000t\000i\000o\000n\000/\000F\000r\000e\000e\000M\000e\000m\000I\000n\000f\000o\000.\000h}{chapter.4}% 95
\BOOKMARK [2][-]{subsection.4.6.1}{\376\377\000説\000明}{section.4.6}% 96
\BOOKMARK [2][-]{subsection.4.6.2}{\376\377\000型\000定\000義}{section.4.6}% 97
\BOOKMARK [3][-]{subsubsection.4.6.2.1}{\376\377\000F\000R\000E\000E\000M\000E\000M\000I\000N\000F\000O}{subsection.4.6.2}% 98
\BOOKMARK [2][-]{subsection.4.6.3}{\376\377\000関\000数}{section.4.6}% 99
\BOOKMARK [3][-]{subsubsection.4.6.3.1}{\376\377\000g\000e\000t\000F\000r\000e\000e\000m\000e\000m\000I\000n\000f\000o}{subsection.4.6.3}% 100
\BOOKMARK [3][-]{subsubsection.4.6.3.2}{\376\377\000n\000e\000w\000\137\000F\000R\000E\000E\000M\000E\000M\000I\000N\000F\000O}{subsection.4.6.3}% 101
\BOOKMARK [3][-]{subsubsection.4.6.3.3}{\376\377\000p\000r\000i\000n\000t\000F\000R\000E\000E\000M\000E\000M\000I\000N\000F\000O}{subsection.4.6.3}% 102
\BOOKMARK [1][-]{section.4.7}{\376\377\000A\000N\000S\000I\000C\000I\000n\000f\000o\000r\000m\000a\000t\000i\000o\000n\000/\000F\000u\000n\000c\000t\000i\000o\000n\000I\000n\000f\000o\000r\000m\000a\000t\000i\000o\000n\000.\000h}{chapter.4}% 103
\BOOKMARK [2][-]{subsection.4.7.1}{\376\377\000説\000明}{section.4.7}% 104
\BOOKMARK [2][-]{subsection.4.7.2}{\376\377\000型\000定\000義}{section.4.7}% 105
\BOOKMARK [3][-]{subsubsection.4.7.2.1}{\376\377\000F\000U\000N\000C\000T\000I\000O\000N\000\137\000I\000N\000F\000O\000R\000M\000A\000T\000I\000O\000N}{subsection.4.7.2}% 106
\BOOKMARK [3][-]{subsubsection.4.7.2.2}{\376\377\000P\000A\000R\000A\000M\000\137\000I\000N\000F\000O\000R\000M\000A\000T\000I\000O\000N}{subsection.4.7.2}% 107
\BOOKMARK [2][-]{subsection.4.7.3}{\376\377\000関\000数}{section.4.7}% 108
\BOOKMARK [3][-]{subsubsection.4.7.3.1}{\376\377\000d\000e\000l\000e\000t\000e\000P\000a\000r\000a\000m\000e\000t\000e\000r\000D\000e\000f\000i\000n\000e}{subsection.4.7.3}% 109
\BOOKMARK [3][-]{subsubsection.4.7.3.2}{\376\377\000g\000e\000t\000F\000u\000n\000c\000t\000i\000o\000n\000I\000n\000f\000o\000r\000m\000a\000t\000i\000o\000n}{subsection.4.7.3}% 110
\BOOKMARK [3][-]{subsubsection.4.7.3.3}{\376\377\000g\000e\000t\000F\000u\000n\000c\000t\000i\000o\000n\000I\000n\000f\000o\000r\000m\000a\000t\000i\000o\000n\000F\000r\000o\000m\000F\000i\000l\000e}{subsection.4.7.3}% 111
\BOOKMARK [3][-]{subsubsection.4.7.3.4}{\376\377\000g\000e\000t\000I\000N\000\137\000O\000U\000T\000\137\000F\000L\000A\000G}{subsection.4.7.3}% 112
\BOOKMARK [3][-]{subsubsection.4.7.3.5}{\376\377\000g\000e\000t\000P\000a\000r\000a\000m\000I\000n\000f\000o\000r\000m\000a\000t\000i\000o\000n\000F\000r\000o\000m\000F\000u\000n\000c\000t\000i\000o\000n\000D\000i\000f\000i\000n\000i\000t\000i\000o\000n}{subsection.4.7.3}% 113
\BOOKMARK [3][-]{subsubsection.4.7.3.6}{\376\377\000g\000e\000t\000P\000o\000i\000n\000t\000e\000r\000L\000e\000v\000e\000l\000F\000r\000o\000m\000F\000U\000N\000C\000T\000I\000O\000N\000\137\000I\000N\000F\000O\000R\000M\000A\000T\000I\000O\000N\000\137\000L\000I\000S\000T}{subsection.4.7.3}% 114
\BOOKMARK [3][-]{subsubsection.4.7.3.7}{\376\377\000n\000e\000w\000\137\000F\000U\000N\000C\000T\000I\000O\000N\000\137\000I\000N\000F\000O\000R\000M\000A\000T\000I\000O\000N}{subsection.4.7.3}% 115
\BOOKMARK [3][-]{subsubsection.4.7.3.8}{\376\377\000n\000e\000w\000\137\000P\000A\000R\000A\000M\000\137\000I\000N\000F\000O\000R\000M\000A\000T\000I\000O\000N}{subsection.4.7.3}% 116
\BOOKMARK [3][-]{subsubsection.4.7.3.9}{\376\377\000p\000r\000i\000n\000t\000F\000U\000N\000C\000T\000I\000O\000N\000\137\000I\000N\000F\000O\000R\000M\000A\000T\000I\000O\000N\000\137\000L\000I\000S\000T}{subsection.4.7.3}% 117
\BOOKMARK [3][-]{subsubsection.4.7.3.10}{\376\377\000s\000e\000a\000r\000c\000h\000F\000U\000N\000C\000T\000I\000O\000N\000\137\000I\000N\000F\000O\000R\000M\000A\000T\000I\000O\000N}{subsection.4.7.3}% 118
\BOOKMARK [1][-]{section.4.8}{\376\377\000A\000N\000S\000I\000C\000I\000n\000f\000o\000r\000m\000a\000t\000i\000o\000n\000/\000M\000a\000l\000l\000o\000c\000N\000u\000m\000b\000e\000r\000.\000h}{chapter.4}% 119
\BOOKMARK [2][-]{subsection.4.8.1}{\376\377\000説\000明}{section.4.8}% 120
\BOOKMARK [2][-]{subsection.4.8.2}{\376\377\000関\000数}{section.4.8}% 121
\BOOKMARK [3][-]{subsubsection.4.8.2.1}{\376\377\000g\000e\000n\000e\000r\000a\000t\000e\000M\000a\000l\000l\000o\000c\000N\000u\000m\000b\000e\000r}{subsection.4.8.2}% 122
\BOOKMARK [3][-]{subsubsection.4.8.2.2}{\376\377\000i\000n\000s\000e\000r\000t\000M\000a\000l\000l\000o\000c\000N\000u\000m\000b\000e\000r\000H\000e\000a\000d\000d\000e\000r}{subsection.4.8.2}% 123
\BOOKMARK [1][-]{section.4.9}{\376\377\000A\000N\000S\000I\000C\000I\000n\000f\000o\000r\000m\000a\000t\000i\000o\000n\000/\000M\000e\000m\000a\000l\000l\000o\000c\000I\000n\000f\000o\000.\000h}{chapter.4}% 124
\BOOKMARK [2][-]{subsection.4.9.1}{\376\377\000説\000明}{section.4.9}% 125
\BOOKMARK [2][-]{subsection.4.9.2}{\376\377\000型\000定\000義}{section.4.9}% 126
\BOOKMARK [3][-]{subsubsection.4.9.2.1}{\376\377\000M\000E\000M\000A\000L\000L\000O\000C\000\137\000I\000N\000F\000O}{subsection.4.9.2}% 127
\BOOKMARK [2][-]{subsection.4.9.3}{\376\377\000関\000数}{section.4.9}% 128
\BOOKMARK [3][-]{subsubsection.4.9.3.1}{\376\377\000g\000e\000t\000C\000a\000l\000l\000o\000c\000I\000n\000f\000o\000r\000m\000a\000t\000i\000o\000n}{subsection.4.9.3}% 129
\BOOKMARK [3][-]{subsubsection.4.9.3.2}{\376\377\000g\000e\000t\000M\000a\000l\000l\000o\000c\000I\000n\000f\000o\000r\000m\000a\000t\000i\000o\000n}{subsection.4.9.3}% 130
\BOOKMARK [3][-]{subsubsection.4.9.3.3}{\376\377\000g\000e\000t\000M\000a\000l\000l\000o\000c\000M\000a\000x\000s\000i\000z\000e}{subsection.4.9.3}% 131
\BOOKMARK [3][-]{subsubsection.4.9.3.4}{\376\377\000g\000e\000t\000R\000e\000a\000l\000l\000o\000c\000I\000n\000f\000o\000r\000m\000a\000t\000i\000o\000n}{subsection.4.9.3}% 132
\BOOKMARK [3][-]{subsubsection.4.9.3.5}{\376\377\000m\000e\000m\000o\000r\000y\000A\000l\000l\000o\000c\000a\000t\000i\000o\000n\000A\000n\000a\000r\000y\000s\000i\000s}{subsection.4.9.3}% 133
\BOOKMARK [3][-]{subsubsection.4.9.3.6}{\376\377\000n\000e\000w\000\137\000M\000E\000M\000A\000L\000L\000O\000C\000\137\000I\000N\000F\000O}{subsection.4.9.3}% 134
\BOOKMARK [3][-]{subsubsection.4.9.3.7}{\376\377\000n\000e\000w\000\137\000M\000E\000M\000A\000L\000L\000O\000C\000\137\000I\000N\000F\000O\000\137\000c\000h\000a\000r}{subsection.4.9.3}% 135
\BOOKMARK [3][-]{subsubsection.4.9.3.8}{\376\377\000s\000e\000a\000r\000c\000h\000S\000i\000z\000e\000o\000f}{subsection.4.9.3}% 136
\BOOKMARK [1][-]{section.4.10}{\376\377\000A\000N\000S\000I\000C\000I\000n\000f\000o\000r\000m\000a\000t\000i\000o\000n\000/\000P\000o\000i\000n\000t\000e\000r\000A\000r\000r\000a\000y\000C\000o\000n\000t\000r\000o\000l\000.\000h}{chapter.4}% 137
\BOOKMARK [2][-]{subsection.4.10.1}{\376\377\000説\000明}{section.4.10}% 138
\BOOKMARK [2][-]{subsection.4.10.2}{\376\377\000型\000定\000義}{section.4.10}% 139
\BOOKMARK [3][-]{subsubsection.4.10.2.1}{\376\377\000A\000R\000R\000A\000Y\000\137\000O\000F\000F\000S\000E\000T}{subsection.4.10.2}% 140
\BOOKMARK [2][-]{subsection.4.10.3}{\376\377\000関\000数}{section.4.10}% 141
\BOOKMARK [3][-]{subsubsection.4.10.3.1}{\376\377\000A\000R\000R\000A\000Y\000\137\000O\000F\000F\000S\000E\000T\000\137\000L\000I\000S\000T\000\137\000p\000u\000s\000h\000\137\000b\000a\000c\000k\000\137\000r\000e\000f\000\137\000n\000o\000t\000\137\000d\000u\000p}{subsection.4.10.3}% 142
\BOOKMARK [3][-]{subsubsection.4.10.3.2}{\376\377\000c\000h\000e\000c\000k\000C\000a\000l\000l\000F\000u\000n\000c\000t\000i\000o\000n}{subsection.4.10.3}% 143
\BOOKMARK [3][-]{subsubsection.4.10.3.3}{\376\377\000c\000h\000e\000c\000k\000I\000d\000e\000n\000t\000i\000f\000i\000e\000r\000P\000o\000i\000n\000t\000e\000r\000A\000r\000r\000a\000y\000L\000e\000v\000e\000l}{subsection.4.10.3}% 144
\BOOKMARK [3][-]{subsubsection.4.10.3.4}{\376\377\000c\000h\000e\000c\000k\000I\000g\000n\000o\000r\000e\000A\000S\000T\000L\000i\000s\000t}{subsection.4.10.3}% 145
\BOOKMARK [3][-]{subsubsection.4.10.3.5}{\376\377\000c\000o\000p\000y\000A\000r\000r\000a\000y\000O\000f\000f\000s\000e\000t\000L\000i\000s\000t}{subsection.4.10.3}% 146
\BOOKMARK [3][-]{subsubsection.4.10.3.6}{\376\377\000c\000r\000e\000a\000t\000e\000A\000r\000r\000a\000y\000E\000x\000p\000r\000e\000s\000s\000i\000o\000n}{subsection.4.10.3}% 147
\BOOKMARK [3][-]{subsubsection.4.10.3.7}{\376\377\000c\000r\000e\000a\000t\000e\000V\000a\000l\000i\000d\000a\000t\000e\000V\000a\000r\000i\000a\000b\000l\000e\000A\000r\000r\000a\000y\000E\000x\000p\000r\000e\000s\000s\000i\000o\000n}{subsection.4.10.3}% 148
\BOOKMARK [3][-]{subsubsection.4.10.3.8}{\376\377\000d\000e\000l\000e\000t\000e\000O\000F\000F\000S\000E\000T\000\137\000L\000I\000S\000T}{subsection.4.10.3}% 149
\BOOKMARK [3][-]{subsubsection.4.10.3.9}{\376\377\000d\000e\000l\000e\000t\000e\000P\000o\000i\000n\000t\000e\000r}{subsection.4.10.3}% 150
\BOOKMARK [3][-]{subsubsection.4.10.3.10}{\376\377\000d\000e\000l\000e\000t\000e\000P\000o\000i\000n\000t\000e\000r\000A\000n\000d\000A\000r\000r\000a\000y\000S\000y\000n\000b\000o\000l}{subsection.4.10.3}% 151
\BOOKMARK [3][-]{subsubsection.4.10.3.11}{\376\377\000g\000e\000t\000\137\000A\000R\000R\000A\000Y\000\137\000O\000F\000F\000S\000E\000T\000\137\000L\000I\000S\000T\000I\000g\000n\000o\000r\000e\000A\000S\000T\000N\000A\000M\000E}{subsection.4.10.3}% 152
\BOOKMARK [3][-]{subsubsection.4.10.3.12}{\376\377\000g\000e\000t\000A\000r\000g\000u\000m\000e\000n\000t\000O\000f\000f\000s\000e\000t\000I\000n\000f\000o}{subsection.4.10.3}% 153
\BOOKMARK [3][-]{subsubsection.4.10.3.13}{\376\377\000g\000e\000t\000A\000R\000R\000A\000Y\000\137\000O\000F\000F\000S\000E\000T\000\137\000L\000I\000S\000T}{subsection.4.10.3}% 154
\BOOKMARK [3][-]{subsubsection.4.10.3.14}{\376\377\000g\000e\000t\000A\000r\000r\000a\000y\000O\000f\000f\000s\000e\000t\000I\000n\000A\000n\000p\000a\000s\000a\000n\000d\000I\000n\000f\000o}{subsection.4.10.3}% 155
\BOOKMARK [3][-]{subsubsection.4.10.3.15}{\376\377\000g\000e\000t\000A\000r\000r\000a\000y\000O\000f\000f\000s\000e\000t\000I\000n\000I\000n\000c\000D\000e\000c\000I\000n\000f\000o}{subsection.4.10.3}% 156
\BOOKMARK [3][-]{subsubsection.4.10.3.16}{\376\377\000g\000e\000t\000D\000e\000c\000l\000a\000r\000a\000t\000o\000r\000A\000r\000r\000a\000y\000O\000f\000f\000s\000e\000t}{subsection.4.10.3}% 157
\BOOKMARK [3][-]{subsubsection.4.10.3.17}{\376\377\000g\000e\000t\000E\000x\000p\000r\000e\000s\000s\000i\000o\000n\000O\000f\000f\000s\000e\000t\000I\000n\000f\000o}{subsection.4.10.3}% 158
\BOOKMARK [3][-]{subsubsection.4.10.3.18}{\376\377\000g\000e\000t\000O\000F\000F\000S\000E\000T\000\137\000L\000I\000S\000T\000F\000r\000o\000m\000V\000a\000r\000i\000a\000b\000l\000e\000T\000a\000b\000l\000e}{subsection.4.10.3}% 159
\BOOKMARK [3][-]{subsubsection.4.10.3.19}{\376\377\000g\000e\000t\000O\000f\000f\000s\000e\000t\000L\000e\000v\000e\000l\000F\000r\000o\000m\000A\000r\000r\000a\000y\000O\000f\000f\000s\000e\000t}{subsection.4.10.3}% 160
\BOOKMARK [3][-]{subsubsection.4.10.3.20}{\376\377\000g\000e\000t\000P\000o\000i\000n\000t\000e\000r\000A\000c\000c\000e\000s\000s\000O\000r\000I\000d\000e\000n\000t\000i\000f\000i\000e\000r\000L\000i\000s\000t}{subsection.4.10.3}% 161
\BOOKMARK [3][-]{subsubsection.4.10.3.21}{\376\377\000g\000e\000t\000P\000o\000i\000n\000t\000e\000r\000A\000r\000r\000a\000y\000O\000f\000f\000s\000e\000t}{subsection.4.10.3}% 162
\BOOKMARK [3][-]{subsubsection.4.10.3.22}{\376\377\000g\000e\000t\000S\000i\000n\000g\000l\000e\000E\000x\000p\000r\000e\000s\000s\000i\000o\000n\000O\000f\000f\000s\000e\000t\000I\000n\000f\000o}{subsection.4.10.3}% 163
\BOOKMARK [3][-]{subsubsection.4.10.3.23}{\376\377\000g\000e\000t\000U\000p\000p\000e\000r\000E\000x\000p\000r\000e\000s\000s\000i\000o\000n\000R\000e\000l\000a\000t\000i\000o\000n\000N\000o\000d\000e}{subsection.4.10.3}% 164
\BOOKMARK [3][-]{subsubsection.4.10.3.24}{\376\377\000m\000a\000x\000O\000f\000f\000s\000e\000t\000L\000e\000v\000e\000l\000A\000d\000d\000r\000e\000s\000s\000F\000r\000o\000m\000A\000r\000r\000a\000y\000O\000f\000f\000s\000e\000t\000L\000i\000s\000t}{subsection.4.10.3}% 165
\BOOKMARK [3][-]{subsubsection.4.10.3.25}{\376\377\000m\000a\000x\000O\000f\000f\000s\000e\000t\000L\000e\000v\000e\000l\000F\000r\000o\000m\000A\000r\000r\000a\000y\000O\000f\000f\000s\000e\000t\000L\000i\000s\000t}{subsection.4.10.3}% 166
\BOOKMARK [3][-]{subsubsection.4.10.3.26}{\376\377\000m\000i\000n\000u\000s\000A\000r\000r\000a\000y\000O\000f\000f\000s\000e\000t\000L\000i\000s\000t}{subsection.4.10.3}% 167
\BOOKMARK [3][-]{subsubsection.4.10.3.27}{\376\377\000m\000o\000v\000e\000A\000r\000r\000a\000y\000O\000f\000f\000s\000e\000t\000L\000i\000s\000t}{subsection.4.10.3}% 168
\BOOKMARK [3][-]{subsubsection.4.10.3.28}{\376\377\000n\000e\000w\000\137\000A\000R\000R\000A\000Y\000\137\000O\000F\000F\000S\000E\000T}{subsection.4.10.3}% 169
\BOOKMARK [3][-]{subsubsection.4.10.3.29}{\376\377\000n\000e\000w\000\137\000A\000R\000R\000A\000Y\000\137\000O\000F\000F\000S\000E\000T\000\137\000c\000h\000a\000r}{subsection.4.10.3}% 170
\BOOKMARK [3][-]{subsubsection.4.10.3.30}{\376\377\000O\000F\000F\000S\000E\000T\000\137\000L\000I\000S\000T\000\137\000p\000u\000s\000h\000\137\000b\000a\000c\000k\000\137\000a\000l\000l\000o\000c}{subsection.4.10.3}% 171
\BOOKMARK [3][-]{subsubsection.4.10.3.31}{\376\377\000p\000r\000i\000n\000t\000A\000S\000T\000P\000O\000I\000N\000T\000E\000R\000\137\000L\000I\000S\000T}{subsection.4.10.3}% 172
\BOOKMARK [3][-]{subsubsection.4.10.3.32}{\376\377\000s\000e\000a\000r\000c\000h\000A\000R\000R\000A\000Y\000\137\000O\000F\000F\000S\000E\000T\000\137\000L\000I\000S\000T}{subsection.4.10.3}% 173
\BOOKMARK [3][-]{subsubsection.4.10.3.33}{\376\377\000s\000e\000a\000r\000c\000h\000E\000x\000p\000r\000e\000s\000s\000i\000o\000n\000O\000r\000P\000o\000i\000n\000t\000e\000A\000r\000r\000a\000y\000O\000r\000I\000d\000e\000n}{subsection.4.10.3}% 174
\BOOKMARK [3][-]{subsubsection.4.10.3.34}{\376\377\000s\000e\000a\000r\000c\000h\000O\000f\000f\000s\000e\000t\000L\000e\000v\000e\000l\000A\000d\000d\000r\000e\000s\000s\000F\000r\000o\000m\000A\000r\000r\000a\000y\000O\000f\000f\000s\000e\000t\000L\000i\000s\000t}{subsection.4.10.3}% 175
\BOOKMARK [3][-]{subsubsection.4.10.3.35}{\376\377\000s\000e\000a\000r\000c\000h\000P\000o\000i\000n\000t\000e\000r\000A\000c\000c\000e\000s\000s\000O\000r\000I\000d\000e\000n\000t\000i\000f\000i\000e\000r\000O\000r\000P\000r\000i\000m\000a\000r\000y}{subsection.4.10.3}% 176
\BOOKMARK [1][-]{section.4.11}{\376\377\000A\000N\000S\000I\000C\000I\000n\000f\000o\000r\000m\000a\000t\000i\000o\000n\000/\000P\000r\000e\000P\000r\000o\000c\000e\000s\000s\000.\000h}{chapter.4}% 177
\BOOKMARK [2][-]{subsection.4.11.1}{\376\377\000説\000明}{section.4.11}% 178
\BOOKMARK [2][-]{subsection.4.11.2}{\376\377\000型\000定\000義}{section.4.11}% 179
\BOOKMARK [3][-]{subsubsection.4.11.2.1}{\376\377\000I\000N\000C\000L\000U\000D\000E\000\137\000D\000A\000T\000A}{subsection.4.11.2}% 180
\BOOKMARK [2][-]{subsection.4.11.3}{\376\377\000関\000数}{section.4.11}% 181
\BOOKMARK [3][-]{subsubsection.4.11.3.1}{\376\377\000a\000d\000d\000I\000n\000c\000l\000u\000d\000e\000D\000a\000t\000a\000F\000r\000o\000m\000F\000i\000l\000e}{subsection.4.11.3}% 182
\BOOKMARK [3][-]{subsubsection.4.11.3.2}{\376\377\000a\000d\000j\000u\000s\000t\000P\000r\000o\000g\000r\000a\000m\000S\000t\000a\000r\000t}{subsection.4.11.3}% 183
\BOOKMARK [3][-]{subsubsection.4.11.3.3}{\376\377\000i\000n\000c\000l\000u\000d\000e\000C\000o\000m\000m\000e\000n\000t}{subsection.4.11.3}% 184
\BOOKMARK [3][-]{subsubsection.4.11.3.4}{\376\377\000n\000e\000w\000\137\000I\000N\000C\000L\000U\000D\000E\000\137\000D\000A\000T\000A}{subsection.4.11.3}% 185
\BOOKMARK [3][-]{subsubsection.4.11.3.5}{\376\377\000p\000r\000e\000P\000r\000o\000c\000e\000s\000s\000e\000r}{subsection.4.11.3}% 186
\BOOKMARK [3][-]{subsubsection.4.11.3.6}{\376\377\000r\000e\000a\000d\000I\000n\000c\000l\000u\000d\000e\000D\000a\000t\000a\000F\000r\000o\000m\000F\000i\000l\000e}{subsection.4.11.3}% 187
\BOOKMARK [1][-]{section.4.12}{\376\377\000A\000N\000S\000I\000C\000I\000n\000f\000o\000r\000m\000a\000t\000i\000o\000n\000/\000R\000e\000t\000u\000r\000n\000\137\000I\000n\000f\000o\000.\000h}{chapter.4}% 188
\BOOKMARK [2][-]{subsection.4.12.1}{\376\377\000説\000明}{section.4.12}% 189
\BOOKMARK [2][-]{subsection.4.12.2}{\376\377\000型\000定\000義}{section.4.12}% 190
\BOOKMARK [3][-]{subsubsection.4.12.2.1}{\376\377\000R\000E\000T\000U\000R\000N\000\137\000I\000N\000F\000O}{subsection.4.12.2}% 191
\BOOKMARK [2][-]{subsection.4.12.3}{\376\377\000関\000数}{section.4.12}% 192
\BOOKMARK [3][-]{subsubsection.4.12.3.1}{\376\377\000n\000e\000w\000\137\000R\000E\000T\000U\000R\000N\000\137\000I\000N\000F\000O}{subsection.4.12.3}% 193
\BOOKMARK [1][-]{section.4.13}{\376\377\000A\000N\000S\000I\000C\000I\000n\000f\000o\000r\000m\000a\000t\000i\000o\000n\000/\000S\000u\000b\000E\000f\000f\000e\000c\000t\000C\000h\000e\000c\000k\000.\000h}{chapter.4}% 194
\BOOKMARK [2][-]{subsection.4.13.1}{\376\377\000説\000明}{section.4.13}% 195
\BOOKMARK [2][-]{subsection.4.13.2}{\376\377\000関\000数}{section.4.13}% 196
\BOOKMARK [3][-]{subsubsection.4.13.2.1}{\376\377\000c\000h\000e\000c\000k\000C\000o\000n\000t\000a\000i\000n\000S\000u\000b\000E\000f\000f\000e\000c\000t\000S\000t\000a\000t\000e\000m\000e\000n\000t}{subsection.4.13.2}% 197
\BOOKMARK [3][-]{subsubsection.4.13.2.2}{\376\377\000g\000e\000t\000A\000s\000s\000i\000g\000n\000m\000e\000n\000t\000\137\000T\000Y\000P\000E}{subsection.4.13.2}% 198
\BOOKMARK [1][-]{section.4.14}{\376\377\000A\000N\000S\000I\000C\000I\000n\000f\000o\000r\000m\000a\000t\000i\000o\000n\000/\000S\000y\000n\000b\000o\000l\000.\000h}{chapter.4}% 199
\BOOKMARK [2][-]{subsection.4.14.1}{\376\377\000説\000明}{section.4.14}% 200
\BOOKMARK [2][-]{subsection.4.14.2}{\376\377\000型\000定\000義}{section.4.14}% 201
\BOOKMARK [3][-]{subsubsection.4.14.2.1}{\376\377\000S\000T\000R\000U\000C\000T\000\137\000T\000A\000B\000L\000E}{subsection.4.14.2}% 202
\BOOKMARK [3][-]{subsubsection.4.14.2.2}{\376\377\000T\000Y\000P\000E\000D\000E\000F\000\137\000T\000A\000B\000L\000E}{subsection.4.14.2}% 203
\BOOKMARK [3][-]{subsubsection.4.14.2.3}{\376\377\000V\000A\000R\000I\000A\000B\000L\000E\000\137\000T\000A\000B\000L\000E}{subsection.4.14.2}% 204
\BOOKMARK [2][-]{subsection.4.14.3}{\376\377\000関\000数}{section.4.14}% 205
\BOOKMARK [3][-]{subsubsection.4.14.3.1}{\376\377\000d\000e\000l\000e\000t\000e\000P\000o\000i\000n\000t\000e\000r}{subsection.4.14.3}% 206
\BOOKMARK [3][-]{subsubsection.4.14.3.2}{\376\377\000d\000e\000l\000e\000t\000e\000P\000o\000i\000n\000t\000e\000r\000A\000n\000d\000A\000r\000r\000a\000y\000S\000y\000n\000b\000o\000l}{subsection.4.14.3}% 207
\BOOKMARK [3][-]{subsubsection.4.14.3.3}{\376\377\000f\000i\000n\000d\000\137\000S\000T\000R\000U\000C\000T\000\137\000T\000A\000B\000L\000E\000\137\000D\000A\000T\000A}{subsection.4.14.3}% 208
\BOOKMARK [3][-]{subsubsection.4.14.3.4}{\376\377\000g\000e\000t\000D\000e\000c\000l\000a\000r\000a\000t\000o\000r\000F\000r\000o\000m\000A\000S\000T}{subsection.4.14.3}% 209
\BOOKMARK [3][-]{subsubsection.4.14.3.5}{\376\377\000g\000e\000t\000M\000e\000m\000b\000e\000r\000L\000i\000s\000t}{subsection.4.14.3}% 210
\BOOKMARK [3][-]{subsubsection.4.14.3.6}{\376\377\000g\000e\000t\000P\000a\000r\000a\000m\000e\000t\000e\000r\000D\000a\000t\000a}{subsection.4.14.3}% 211
\BOOKMARK [3][-]{subsubsection.4.14.3.7}{\376\377\000g\000e\000t\000P\000a\000r\000a\000m\000e\000t\000e\000r\000V\000A\000R\000I\000A\000B\000L\000E\000\137\000T\000A\000B\000L\000E\000\137\000L\000I\000S\000T}{subsection.4.14.3}% 212
\BOOKMARK [3][-]{subsubsection.4.14.3.8}{\376\377\000g\000e\000t\000P\000o\000i\000n\000t\000e\000r\000L\000e\000v\000e\000l\000A\000n\000d\000A\000r\000r\000a\000y\000L\000e\000v\000e\000l}{subsection.4.14.3}% 213
\BOOKMARK [3][-]{subsubsection.4.14.3.9}{\376\377\000g\000e\000t\000P\000o\000i\000n\000t\000e\000r\000L\000e\000v\000e\000l\000A\000n\000d\000A\000r\000r\000a\000y\000L\000e\000v\000e\000l\000F\000r\000o\000m\000V\000A\000R\000I\000A\000B\000L\000E\000\137\000T\000A\000B\000L\000E}{subsection.4.14.3}% 214
\BOOKMARK [3][-]{subsubsection.4.14.3.10}{\376\377\000g\000e\000t\000S\000T\000R\000U\000C\000T\000\137\000D\000A\000T\000A}{subsection.4.14.3}% 215
\BOOKMARK [3][-]{subsubsection.4.14.3.11}{\376\377\000g\000e\000t\000S\000T\000R\000U\000C\000T\000\137\000T\000A\000B\000L\000E\000\137\000D\000A\000T\000A}{subsection.4.14.3}% 216
\BOOKMARK [3][-]{subsubsection.4.14.3.12}{\376\377\000g\000e\000t\000T\000Y\000P\000E\000D\000E\000F\000\137\000T\000A\000B\000L\000E\000\137\000D\000A\000T\000A}{subsection.4.14.3}% 217
\BOOKMARK [3][-]{subsubsection.4.14.3.13}{\376\377\000g\000e\000t\000T\000Y\000P\000E\000D\000E\000F\000f\000r\000o\000m\000A\000S\000T}{subsection.4.14.3}% 218
\BOOKMARK [3][-]{subsubsection.4.14.3.14}{\376\377\000g\000e\000t\000V\000A\000R\000I\000A\000B\000L\000E\000\137\000T\000A\000B\000L\000E\000\137\000L\000I\000S\000T}{subsection.4.14.3}% 219
\BOOKMARK [3][-]{subsubsection.4.14.3.15}{\376\377\000n\000e\000w\000\137\000S\000T\000R\000U\000C\000T\000\137\000T\000A\000B\000L\000E}{subsection.4.14.3}% 220
\BOOKMARK [3][-]{subsubsection.4.14.3.16}{\376\377\000n\000e\000w\000\137\000S\000T\000R\000U\000C\000T\000\137\000T\000A\000B\000L\000E\000\137\000w\000i\000t\000h\000\137\000c\000h\000a\000r}{subsection.4.14.3}% 221
\BOOKMARK [3][-]{subsubsection.4.14.3.17}{\376\377\000n\000e\000w\000\137\000T\000Y\000P\000E\000D\000E\000F\000\137\000T\000A\000B\000L\000E}{subsection.4.14.3}% 222
\BOOKMARK [3][-]{subsubsection.4.14.3.18}{\376\377\000n\000e\000w\000\137\000T\000Y\000P\000E\000D\000E\000F\000\137\000T\000A\000B\000L\000E\000\137\000w\000i\000t\000h\000\137\000c\000h\000a\000r}{subsection.4.14.3}% 223
\BOOKMARK [3][-]{subsubsection.4.14.3.19}{\376\377\000n\000e\000w\000\137\000V\000A\000R\000I\000A\000B\000L\000E\000\137\000T\000A\000B\000L\000E}{subsection.4.14.3}% 224
\BOOKMARK [3][-]{subsubsection.4.14.3.20}{\376\377\000n\000e\000w\000\137\000V\000A\000R\000I\000A\000B\000L\000E\000\137\000T\000A\000B\000L\000E\000\137\000w\000i\000t\000h\000\137\000c\000h\000a\000r}{subsection.4.14.3}% 225
\BOOKMARK [3][-]{subsubsection.4.14.3.21}{\376\377\000p\000r\000i\000n\000t\000S\000T\000R\000U\000C\000T\000\137\000T\000A\000B\000L\000E\000\137\000L\000I\000S\000T}{subsection.4.14.3}% 226
\BOOKMARK [3][-]{subsubsection.4.14.3.22}{\376\377\000p\000r\000i\000n\000t\000T\000Y\000P\000E\000D\000E\000F\000\137\000T\000A\000B\000L\000E\000\137\000L\000I\000S\000T}{subsection.4.14.3}% 227
\BOOKMARK [3][-]{subsubsection.4.14.3.23}{\376\377\000p\000r\000i\000n\000t\000V\000A\000R\000I\000A\000B\000L\000E\000\137\000T\000A\000B\000L\000E\000\137\000L\000I\000S\000T}{subsection.4.14.3}% 228
\BOOKMARK [3][-]{subsubsection.4.14.3.24}{\376\377\000s\000e\000a\000r\000c\000h\000V\000A\000R\000I\000A\000B\000L\000E\000\137\000T\000A\000B\000L\000E\000\137\000L\000I\000S\000T}{subsection.4.14.3}% 229
\BOOKMARK [1][-]{section.4.15}{\376\377\000A\000N\000S\000I\000C\000I\000n\000f\000o\000r\000m\000a\000t\000i\000o\000n\000/\000V\000a\000r\000i\000d\000a\000t\000e\000\137\000s\000t\000a\000t\000e\000m\000e\000n\000t\000.\000h}{chapter.4}% 230
\BOOKMARK [2][-]{subsection.4.15.1}{\376\377\000説\000明}{section.4.15}% 231
\BOOKMARK [2][-]{subsection.4.15.2}{\376\377\000型\000定\000義}{section.4.15}% 232
\BOOKMARK [3][-]{subsubsection.4.15.2.1}{\376\377\000V\000A\000L\000I\000D\000A\000T\000E\000\137\000S\000T\000A\000T\000E\000M\000E\000N\000T}{subsection.4.15.2}% 233
\BOOKMARK [3][-]{subsubsection.4.15.2.2}{\376\377\000V\000A\000L\000I\000D\000A\000T\000E\000\137\000V\000A\000R\000I\000A\000B\000L\000E}{subsection.4.15.2}% 234
\BOOKMARK [2][-]{subsection.4.15.3}{\376\377\000関\000数}{section.4.15}% 235
\BOOKMARK [3][-]{subsubsection.4.15.3.1}{\376\377\000A\000r\000r\000a\000y\000O\000f\000f\000s\000e\000t\000T\000o\000V\000a\000l\000i\000d\000a\000t\000e\000S\000t\000a\000t\000e\000m\000e\000n\000t}{subsection.4.15.3}% 236
\BOOKMARK [3][-]{subsubsection.4.15.3.2}{\376\377\000c\000r\000e\000a\000t\000e\000C\000h\000e\000c\000k\000U\000n\000b\000o\000u\000n\000d\000A\000n\000d\000U\000n\000d\000e\000f\000i\000n\000e\000O\000p\000e\000r\000a\000t\000i\000o\000n\000C\000h\000e\000c\000k}{subsection.4.15.3}% 237
\BOOKMARK [3][-]{subsubsection.4.15.3.3}{\376\377\000c\000r\000e\000a\000t\000e\000V\000a\000l\000i\000d\000a\000t\000e\000S\000t\000a\000t\000e\000m\000e\000n\000F\000r\000o\000m\000I\000n\000c\000D\000e\000c\000E\000x\000p\000r}{subsection.4.15.3}% 238
\BOOKMARK [3][-]{subsubsection.4.15.3.4}{\376\377\000c\000r\000e\000a\000t\000e\000V\000a\000l\000i\000d\000a\000t\000e\000S\000t\000a\000t\000e\000m\000e\000n\000t}{subsection.4.15.3}% 239
\BOOKMARK [3][-]{subsubsection.4.15.3.5}{\376\377\000c\000r\000e\000a\000t\000e\000V\000a\000l\000i\000d\000a\000t\000e\000S\000t\000a\000t\000e\000m\000e\000n\000t\000A\000d\000d\000e\000r\000F\000i\000l\000e\000E\000a\000c\000h\000C\000h\000e\000c\000k}{subsection.4.15.3}% 240
\BOOKMARK [3][-]{subsubsection.4.15.3.6}{\376\377\000c\000r\000e\000a\000t\000e\000V\000a\000l\000i\000d\000a\000t\000e\000S\000t\000a\000t\000e\000m\000e\000n\000t\000F\000o\000r\000F\000r\000e\000e\000A\000c\000t\000i\000o\000n}{subsection.4.15.3}% 241
\BOOKMARK [3][-]{subsubsection.4.15.3.7}{\376\377\000c\000r\000e\000a\000t\000e\000V\000a\000l\000i\000d\000a\000t\000e\000S\000t\000a\000t\000e\000m\000e\000n\000t\000F\000o\000r\000M\000a\000l\000l\000o\000c\000A\000c\000t\000i\000o\000n}{subsection.4.15.3}% 242
\BOOKMARK [3][-]{subsubsection.4.15.3.8}{\376\377\000c\000r\000e\000a\000t\000e\000V\000a\000l\000i\000d\000a\000t\000e\000S\000t\000a\000t\000e\000m\000e\000n\000t\000F\000r\000o\000m\000A\000r\000r\000a\000y\000D\000e\000f\000i\000n\000e}{subsection.4.15.3}% 243
\BOOKMARK [3][-]{subsubsection.4.15.3.9}{\376\377\000c\000r\000e\000a\000t\000e\000V\000a\000r\000i\000d\000a\000t\000e\000S\000t\000a\000t\000e\000m\000e\000n\000t\000F\000r\000o\000m\000P\000o\000i\000n\000t\000e\000r\000D\000e\000f\000i\000n\000e}{subsection.4.15.3}% 244
\BOOKMARK [3][-]{subsubsection.4.15.3.10}{\376\377\000c\000r\000e\000a\000t\000e\000V\000i\000o\000l\000e\000n\000t\000F\000r\000e\000e\000O\000p\000e\000r\000a\000t\000i\000o\000n}{subsection.4.15.3}% 245
\BOOKMARK [3][-]{subsubsection.4.15.3.11}{\376\377\000c\000r\000e\000a\000t\000e\000Z\000e\000r\000o\000D\000i\000v\000i\000t\000i\000o\000n\000C\000h\000e\000c\000k}{subsection.4.15.3}% 246
\BOOKMARK [3][-]{subsubsection.4.15.3.12}{\376\377\000f\000p\000r\000i\000n\000t\000P\000r\000o\000g\000r\000a\000m\000D\000a\000t\000a\000W\000i\000t\000h\000P\000S\000I\000V\000a\000r\000i\000d\000a\000t\000e\000S\000t\000a\000t\000e\000m\000e\000n\000t}{subsection.4.15.3}% 247
\BOOKMARK [3][-]{subsubsection.4.15.3.13}{\376\377\000f\000p\000r\000i\000n\000t\000P\000r\000o\000g\000r\000a\000m\000D\000a\000t\000a\000W\000i\000t\000h\000V\000a\000l\000i\000d\000a\000t\000e\000S\000t\000a\000t\000e\000m\000e\000n\000t}{subsection.4.15.3}% 248
\BOOKMARK [3][-]{subsubsection.4.15.3.14}{\376\377\000f\000p\000r\000i\000n\000t\000V\000a\000l\000i\000d\000a\000t\000e\000S\000t\000a\000t\000e\000m\000e\000n\000t}{subsection.4.15.3}% 249
\BOOKMARK [3][-]{subsubsection.4.15.3.15}{\376\377\000f\000p\000r\000i\000n\000t\000V\000a\000l\000i\000d\000a\000t\000e\000S\000t\000a\000t\000e\000m\000e\000n\000t\000\137\000n\000o\000t\000\137\000a\000s\000s\000e\000r\000t}{subsection.4.15.3}% 250
\BOOKMARK [3][-]{subsubsection.4.15.3.16}{\376\377\000g\000e\000t\000A\000S\000T\000L\000i\000s\000t\000\137\000F\000r\000o\000m\000V\000A\000L\000I\000D\000A\000T\000E\000\137\000S\000T\000A\000T\000E\000M\000E\000N\000T\000\137\000L\000I\000S\000T}{subsection.4.15.3}% 251
\BOOKMARK [3][-]{subsubsection.4.15.3.17}{\376\377\000g\000e\000t\000B\000a\000s\000i\000s\000L\000o\000c\000a\000t\000i\000o\000n\000F\000r\000o\000m\000A\000s\000s\000i\000g\000n\000m\000e\000n\000t\000E\000x\000p\000r\000e\000s\000s\000i\000o\000n}{subsection.4.15.3}% 252
\BOOKMARK [3][-]{subsubsection.4.15.3.18}{\376\377\000g\000e\000t\000B\000a\000s\000i\000s\000L\000o\000c\000a\000t\000i\000o\000n\000F\000r\000o\000m\000E\000x\000p\000r\000e\000s\000s\000i\000o\000n}{subsection.4.15.3}% 253
\BOOKMARK [3][-]{subsubsection.4.15.3.19}{\376\377\000g\000e\000t\000L\000e\000f\000t\000A\000s\000s\000i\000g\000n\000m\000e\000n\000t\000I\000n\000f\000o}{subsection.4.15.3}% 254
\BOOKMARK [3][-]{subsubsection.4.15.3.20}{\376\377\000g\000e\000t\000N\000e\000w\000V\000a\000l\000i\000d\000a\000t\000e\000S\000t\000a\000t\000e\000m\000e\000n\000t\000I\000D}{subsection.4.15.3}% 255
\BOOKMARK [3][-]{subsubsection.4.15.3.21}{\376\377\000g\000e\000t\000R\000i\000g\000h\000t\000A\000s\000s\000i\000g\000n\000m\000e\000n\000t\000I\000n\000f\000o}{subsection.4.15.3}% 256
\BOOKMARK [3][-]{subsubsection.4.15.3.22}{\376\377\000g\000e\000t\000V\000a\000l\000i\000d\000a\000t\000e\000\137\000V\000a\000r\000i\000a\000b\000l\000e}{subsection.4.15.3}% 257
\BOOKMARK [3][-]{subsubsection.4.15.3.23}{\376\377\000g\000e\000t\000V\000a\000l\000i\000d\000a\000t\000e\000S\000t\000a\000t\000e\000m\000e\000n\000t\000F\000r\000o\000m\000A\000s\000s\000i\000g\000n\000S\000t\000a\000t\000e\000m\000e\000n\000t}{subsection.4.15.3}% 258
\BOOKMARK [3][-]{subsubsection.4.15.3.24}{\376\377\000g\000e\000t\000V\000a\000l\000i\000d\000a\000t\000e\000S\000t\000a\000t\000e\000m\000e\000n\000t\000F\000r\000o\000m\000C\000a\000l\000l\000F\000u\000n\000c\000t\000i\000o\000n}{subsection.4.15.3}% 259
\BOOKMARK [3][-]{subsubsection.4.15.3.25}{\376\377\000g\000e\000t\000V\000a\000l\000i\000d\000a\000t\000e\000S\000t\000a\000t\000e\000m\000e\000n\000t\000F\000r\000o\000m\000F\000o\000r\000I\000t\000e\000r\000a\000t\000i\000o\000n}{subsection.4.15.3}% 260
\BOOKMARK [3][-]{subsubsection.4.15.3.26}{\376\377\000g\000e\000t\000V\000a\000l\000i\000d\000a\000t\000e\000S\000t\000a\000t\000e\000m\000e\000n\000t\000F\000r\000o\000m\000I\000n\000i\000t\000i\000a\000l\000i\000z\000e\000r}{subsection.4.15.3}% 261
\BOOKMARK [3][-]{subsubsection.4.15.3.27}{\376\377\000g\000e\000t\000V\000a\000l\000i\000d\000a\000t\000e\000S\000t\000a\000t\000e\000m\000e\000n\000t\000F\000r\000o\000m\000M\000a\000l\000l\000o\000c\000N\000u\000m\000b\000e\000r}{subsection.4.15.3}% 262
\BOOKMARK [3][-]{subsubsection.4.15.3.28}{\376\377\000g\000e\000t\000V\000a\000l\000i\000d\000a\000t\000e\000S\000t\000a\000t\000e\000m\000e\000n\000t\000F\000r\000o\000m\000P\000o\000i\000n\000t\000e\000r\000O\000p\000e\000r\000a\000t\000o\000r}{subsection.4.15.3}% 263
\BOOKMARK [3][-]{subsubsection.4.15.3.29}{\376\377\000i\000n\000i\000t\000V\000A\000L\000I\000D\000A\000T\000E\000\137\000S\000T\000A\000T\000E\000M\000E\000N\000T\000\137\000f\000l\000a\000g}{subsection.4.15.3}% 264
\BOOKMARK [3][-]{subsubsection.4.15.3.30}{\376\377\000n\000e\000w\000\137\000V\000A\000L\000I\000D\000A\000T\000E\000\137\000S\000T\000A\000T\000E\000M\000E\000N\000T}{subsection.4.15.3}% 265
\BOOKMARK [3][-]{subsubsection.4.15.3.31}{\376\377\000n\000e\000w\000\137\000V\000A\000L\000I\000D\000A\000T\000E\000\137\000S\000T\000A\000T\000E\000M\000E\000N\000T\000\137\000c\000h\000a\000r}{subsection.4.15.3}% 266
\BOOKMARK [3][-]{subsubsection.4.15.3.32}{\376\377\000n\000e\000w\000\137\000V\000A\000L\000I\000D\000A\000T\000E\000\137\000V\000A\000R\000I\000A\000B\000L\000E}{subsection.4.15.3}% 267
\BOOKMARK [3][-]{subsubsection.4.15.3.33}{\376\377\000n\000e\000w\000\137\000V\000A\000L\000I\000D\000A\000T\000E\000\137\000V\000A\000R\000I\000A\000B\000L\000E\000\137\000w\000i\000t\000h\000\137\000c\000h\000a\000r}{subsection.4.15.3}% 268
\BOOKMARK [3][-]{subsubsection.4.15.3.34}{\376\377\000p\000r\000i\000n\000t\000P\000r\000o\000g\000r\000a\000m\000D\000a\000t\000a\000W\000i\000t\000h\000V\000a\000l\000i\000d\000a\000t\000e\000S\000t\000a\000t\000e\000m\000e\000n\000t}{subsection.4.15.3}% 269
\BOOKMARK [3][-]{subsubsection.4.15.3.35}{\376\377\000p\000r\000i\000n\000t\000V\000A\000L\000I\000D\000A\000T\000E\000\137\000V\000A\000R\000I\000A\000B\000L\000E\000\137\000L\000I\000S\000T}{subsection.4.15.3}% 270
\BOOKMARK [3][-]{subsubsection.4.15.3.36}{\376\377\000s\000e\000t\000V\000a\000l\000i\000d\000a\000t\000e\000V\000a\000r\000i\000a\000b\000l\000e\000F\000r\000o\000m\000E\000x\000p\000r\000S\000l\000i\000c\000i\000n\000g}{subsection.4.15.3}% 271
\BOOKMARK [3][-]{subsubsection.4.15.3.37}{\376\377\000V\000A\000L\000I\000D\000A\000T\000E\000\137\000S\000T\000A\000T\000E\000M\000E\000N\000T\000\137\000L\000I\000S\000T\000\137\000s\000o\000r\000t\000\137\000a\000s\000t}{subsection.4.15.3}% 272
\BOOKMARK [1][-]{section.4.16}{\376\377\000L\000i\000b\000r\000a\000r\000y\000/\000C\000h\000a\000r\000S\000t\000r\000i\000n\000g\000E\000x\000t\000e\000n\000d\000.\000h}{chapter.4}% 273
\BOOKMARK [2][-]{subsection.4.16.1}{\376\377\000説\000明}{section.4.16}% 274
\BOOKMARK [2][-]{subsection.4.16.2}{\376\377\000関\000数}{section.4.16}% 275
\BOOKMARK [3][-]{subsubsection.4.16.2.1}{\376\377\000i\000s\000E\000x\000p\000r\000e\000s\000s\000i\000o\000n}{subsection.4.16.2}% 276
\BOOKMARK [3][-]{subsubsection.4.16.2.2}{\376\377\000s\000t\000r\000\137\000e\000x\000t\000r\000a\000c\000t}{subsection.4.16.2}% 277
\BOOKMARK [1][-]{section.4.17}{\376\377\000L\000i\000b\000r\000a\000r\000y\000/\000C\000S\000T\000L\000S\000t\000r\000i\000n\000g\000.\000h}{chapter.4}% 278
\BOOKMARK [2][-]{subsection.4.17.1}{\376\377\000説\000明}{section.4.17}% 279
\BOOKMARK [2][-]{subsection.4.17.2}{\376\377\000関\000数}{section.4.17}% 280
\BOOKMARK [3][-]{subsubsection.4.17.2.1}{\376\377\000C\000S\000T\000L\000S\000t\000r\000i\000n\000g\000\137\000c\000o\000m\000p\000a\000r\000e\000\137\000w\000i\000t\000h\000\137\000c\000h\000a\000r}{subsection.4.17.2}% 281
\BOOKMARK [3][-]{subsubsection.4.17.2.2}{\376\377\000C\000S\000T\000L\000S\000t\000r\000i\000n\000g\000\137\000d\000e\000l\000e\000t\000e\000\137\000t\000a\000i\000l\000\137\000s\000t\000r}{subsection.4.17.2}% 282
\BOOKMARK [3][-]{subsubsection.4.17.2.3}{\376\377\000C\000S\000T\000L\000S\000t\000r\000i\000n\000g\000\137\000l\000t\000r\000i\000m}{subsection.4.17.2}% 283
\BOOKMARK [3][-]{subsubsection.4.17.2.4}{\376\377\000C\000S\000T\000L\000S\000t\000r\000i\000n\000g\000\137\000p\000r\000i\000n\000t\000f}{subsection.4.17.2}% 284
\BOOKMARK [3][-]{subsubsection.4.17.2.5}{\376\377\000C\000S\000T\000L\000S\000t\000r\000i\000n\000g\000\137\000r\000e\000p\000l\000a\000c\000e\000\137\000s\000t\000r\000i\000n\000g}{subsection.4.17.2}% 285
\BOOKMARK [1][-]{section.4.18}{\376\377\000L\000i\000b\000r\000a\000r\000y\000/\000F\000l\000a\000g\000D\000a\000t\000a\000b\000a\000s\000e\000.\000h}{chapter.4}% 286
\BOOKMARK [2][-]{subsection.4.18.1}{\376\377\000説\000明}{section.4.18}% 287
\BOOKMARK [2][-]{subsection.4.18.2}{\376\377\000関\000数}{section.4.18}% 288
\BOOKMARK [3][-]{subsubsection.4.18.2.1}{\376\377\000g\000e\000t\000F\000l\000a\000g\000D\000a\000t\000a\000b\000a\000s\000e}{subsection.4.18.2}% 289
\BOOKMARK [3][-]{subsubsection.4.18.2.2}{\376\377\000i\000s\000A\000r\000r\000a\000y\000U\000n\000b\000o\000u\000n\000d\000C\000h\000e\000c\000k\000M\000o\000d\000e}{subsection.4.18.2}% 290
\BOOKMARK [3][-]{subsubsection.4.18.2.3}{\376\377\000i\000s\000F\000r\000e\000e\000V\000i\000o\000l\000a\000t\000i\000o\000n\000C\000h\000e\000c\000k\000M\000o\000d\000e}{subsection.4.18.2}% 291
\BOOKMARK [3][-]{subsubsection.4.18.2.4}{\376\377\000i\000s\000H\000e\000l\000p\000M\000o\000d\000e}{subsection.4.18.2}% 292
\BOOKMARK [3][-]{subsubsection.4.18.2.5}{\376\377\000i\000s\000P\000r\000o\000g\000r\000a\000m\000S\000l\000i\000c\000i\000n\000g\000M\000o\000d\000e}{subsection.4.18.2}% 293
\BOOKMARK [3][-]{subsubsection.4.18.2.6}{\376\377\000i\000s\000U\000n\000d\000e\000f\000i\000n\000e\000C\000o\000n\000t\000r\000o\000l\000C\000h\000e\000c\000k\000M\000o\000d\000e}{subsection.4.18.2}% 294
\BOOKMARK [3][-]{subsubsection.4.18.2.7}{\376\377\000i\000s\000X\000m\000l\000M\000o\000d\000e}{subsection.4.18.2}% 295
\BOOKMARK [3][-]{subsubsection.4.18.2.8}{\376\377\000i\000s\000Z\000e\000r\000o\000D\000i\000v\000i\000t\000i\000o\000n\000C\000h\000e\000c\000k\000M\000o\000d\000e}{subsection.4.18.2}% 296
\BOOKMARK [1][-]{section.4.19}{\376\377\000L\000i\000b\000r\000a\000r\000y\000/\000I\000d\000L\000i\000s\000t\000.\000h}{chapter.4}% 297
\BOOKMARK [2][-]{subsection.4.19.1}{\376\377\000説\000明}{section.4.19}% 298
\BOOKMARK [2][-]{subsection.4.19.2}{\376\377\000関\000数}{section.4.19}% 299
\BOOKMARK [3][-]{subsubsection.4.19.2.1}{\376\377\000I\000D\000L\000I\000S\000T\000\137\000c\000o\000m\000p\000a\000r\000e\000\137\000w\000i\000t\000h}{subsection.4.19.2}% 300
\BOOKMARK [3][-]{subsubsection.4.19.2.2}{\376\377\000p\000r\000i\000n\000t\000I\000D\000L\000I\000S\000T}{subsection.4.19.2}% 301
\BOOKMARK [3][-]{subsubsection.4.19.2.3}{\376\377\000S\000E\000T\000\137\000S\000T\000A\000C\000K\000\137\000I\000N\000T\000T\000o\000I\000D\000L\000I\000S\000T}{subsection.4.19.2}% 302
\BOOKMARK [1][-]{section.4.20}{\376\377\000L\000i\000b\000r\000a\000r\000y\000/\000S\000t\000a\000c\000k\000\137\000i\000n\000t\000.\000h}{chapter.4}% 303
\BOOKMARK [2][-]{subsection.4.20.1}{\376\377\000説\000明}{section.4.20}% 304
\BOOKMARK [2][-]{subsection.4.20.2}{\376\377\000関\000数}{section.4.20}% 305
\BOOKMARK [3][-]{subsubsection.4.20.2.1}{\376\377\000S\000T\000A\000C\000K\000\137\000I\000N\000T\000\137\000a\000t\000\137\000a\000n\000d\000\137\000a\000l\000l\000o\000c}{subsection.4.20.2}% 306
\BOOKMARK [3][-]{subsubsection.4.20.2.2}{\376\377\000S\000T\000A\000C\000K\000\137\000I\000N\000T\000\137\000i\000n\000c\000l\000e\000m\000e\000n\000t\000\137\000a\000t}{subsection.4.20.2}% 307
\BOOKMARK [1][-]{section.4.21}{\376\377\000L\000i\000b\000r\000a\000r\000y\000/\000S\000t\000o\000r\000e\000I\000n\000f\000o\000r\000m\000a\000t\000i\000o\000n\000.\000h}{chapter.4}% 308
\BOOKMARK [2][-]{subsection.4.21.1}{\376\377\000説\000明}{section.4.21}% 309
\BOOKMARK [2][-]{subsection.4.21.2}{\376\377\000関\000数}{section.4.21}% 310
\BOOKMARK [3][-]{subsubsection.4.21.2.1}{\376\377\000g\000e\000t\000F\000i\000l\000e\000N\000a\000m\000e}{subsection.4.21.2}% 311
\BOOKMARK [3][-]{subsubsection.4.21.2.2}{\376\377\000s\000e\000t\000F\000i\000l\000e\000N\000a\000m\000e}{subsection.4.21.2}% 312
\BOOKMARK [1][-]{section.4.22}{\376\377\000M\000a\000i\000n\000/\000H\000e\000l\000p\000.\000h}{chapter.4}% 313
\BOOKMARK [2][-]{subsection.4.22.1}{\376\377\000説\000明}{section.4.22}% 314
\BOOKMARK [2][-]{subsection.4.22.2}{\376\377\000関\000数}{section.4.22}% 315
\BOOKMARK [3][-]{subsubsection.4.22.2.1}{\376\377\000v\000i\000e\000w\000H\000e\000l\000p}{subsection.4.22.2}% 316
\BOOKMARK [1][-]{section.4.23}{\376\377\000P\000r\000o\000g\000r\000a\000m\000S\000l\000i\000c\000i\000n\000g\000/\000D\000e\000c\000l\000a\000r\000a\000t\000i\000o\000n\000P\000S\000I\000.\000h}{chapter.4}% 317
\BOOKMARK [2][-]{subsection.4.23.1}{\376\377\000説\000明}{section.4.23}% 318
\BOOKMARK [2][-]{subsection.4.23.2}{\376\377\000関\000数}{section.4.23}% 319
\BOOKMARK [3][-]{subsubsection.4.23.2.1}{\376\377\000g\000e\000t\000D\000e\000c\000l\000a\000r\000a\000t\000i\000o\000n\000t\000P\000S\000I}{subsection.4.23.2}% 320
\BOOKMARK [1][-]{section.4.24}{\376\377\000P\000r\000o\000g\000r\000a\000m\000S\000l\000i\000c\000i\000n\000g\000/\000E\000x\000p\000r\000e\000s\000s\000i\000o\000n\000S\000t\000a\000t\000e\000m\000e\000n\000t\000P\000S\000I\000.\000h}{chapter.4}% 321
\BOOKMARK [2][-]{subsection.4.24.1}{\376\377\000説\000明}{section.4.24}% 322
\BOOKMARK [2][-]{subsection.4.24.2}{\376\377\000関\000数}{section.4.24}% 323
\BOOKMARK [3][-]{subsubsection.4.24.2.1}{\376\377\000g\000e\000t\000A\000S\000I\000\137\000A\000R\000R\000A\000Y\000\137\000O\000F\000F\000S\000E\000T\000\137\000L\000I\000S\000T}{subsection.4.24.2}% 324
\BOOKMARK [3][-]{subsubsection.4.24.2.2}{\376\377\000g\000e\000t\000E\000x\000p\000r\000e\000s\000s\000i\000o\000n\000S\000t\000a\000t\000e\000m\000e\000n\000t\000P\000S\000I}{subsection.4.24.2}% 325
\BOOKMARK [3][-]{subsubsection.4.24.2.3}{\376\377\000g\000e\000t\000I\000n\000p\000u\000t\000F\000u\000n\000c\000t\000i\000o\000n\000P\000S\000I}{subsection.4.24.2}% 326
\BOOKMARK [3][-]{subsubsection.4.24.2.4}{\376\377\000s\000e\000t\000A\000R\000G\000U\000M\000E\000N\000T\000\137\000N\000U\000M\000B\000E\000R}{subsection.4.24.2}% 327
\BOOKMARK [1][-]{section.4.25}{\376\377\000P\000r\000o\000g\000r\000a\000m\000S\000l\000i\000c\000i\000n\000g\000/\000F\000o\000r\000S\000t\000a\000t\000e\000m\000e\000n\000t\000P\000S\000I\000.\000h}{chapter.4}% 328
\BOOKMARK [2][-]{subsection.4.25.1}{\376\377\000説\000明}{section.4.25}% 329
\BOOKMARK [2][-]{subsection.4.25.2}{\376\377\000関\000数}{section.4.25}% 330
\BOOKMARK [3][-]{subsubsection.4.25.2.1}{\376\377\000g\000e\000t\000F\000o\000r\000S\000t\000a\000t\000e\000m\000e\000n\000t\000P\000S\000I}{subsection.4.25.2}% 331
\BOOKMARK [1][-]{section.4.26}{\376\377\000P\000r\000o\000g\000r\000a\000m\000S\000l\000i\000c\000i\000n\000g\000/\000F\000u\000n\000c\000t\000i\000o\000n\000P\000S\000I\000.\000h}{chapter.4}% 332
\BOOKMARK [2][-]{subsection.4.26.1}{\376\377\000説\000明}{section.4.26}% 333
\BOOKMARK [2][-]{subsection.4.26.2}{\376\377\000関\000数}{section.4.26}% 334
\BOOKMARK [3][-]{subsubsection.4.26.2.1}{\376\377\000g\000e\000t\000F\000u\000n\000c\000t\000i\000o\000n\000P\000S\000I}{subsection.4.26.2}% 335
\BOOKMARK [3][-]{subsubsection.4.26.2.2}{\376\377\000g\000e\000t\000P\000a\000r\000a\000m\000e\000t\000e\000r\000P\000S\000I}{subsection.4.26.2}% 336
\BOOKMARK [1][-]{section.4.27}{\376\377\000P\000r\000o\000g\000r\000a\000m\000S\000l\000i\000c\000i\000n\000g\000/\000I\000f\000S\000t\000a\000t\000e\000m\000e\000n\000t\000P\000S\000I\000.\000h}{chapter.4}% 337
\BOOKMARK [2][-]{subsection.4.27.1}{\376\377\000説\000明}{section.4.27}% 338
\BOOKMARK [2][-]{subsection.4.27.2}{\376\377\000関\000数}{section.4.27}% 339
\BOOKMARK [3][-]{subsubsection.4.27.2.1}{\376\377\000g\000e\000t\000I\000f\000S\000t\000a\000t\000e\000m\000e\000n\000t\000P\000S\000I}{subsection.4.27.2}% 340
\BOOKMARK [1][-]{section.4.28}{\376\377\000P\000r\000o\000g\000r\000a\000m\000S\000l\000i\000c\000i\000n\000g\000/\000J\000u\000m\000p\000S\000t\000a\000t\000e\000m\000e\000n\000t\000P\000S\000I\000.\000h}{chapter.4}% 341
\BOOKMARK [2][-]{subsection.4.28.1}{\376\377\000説\000明}{section.4.28}% 342
\BOOKMARK [2][-]{subsection.4.28.2}{\376\377\000関\000数}{section.4.28}% 343
\BOOKMARK [3][-]{subsubsection.4.28.2.1}{\376\377\000g\000e\000t\000J\000u\000m\000p\000S\000t\000a\000t\000e\000m\000e\000n\000t\000P\000S\000I}{subsection.4.28.2}% 344
\BOOKMARK [1][-]{section.4.29}{\376\377\000P\000r\000o\000g\000r\000a\000m\000S\000l\000i\000c\000i\000n\000g\000/\000L\000a\000b\000e\000l\000e\000d\000S\000t\000a\000t\000e\000m\000e\000n\000t\000P\000S\000I\000.\000h}{chapter.4}% 345
\BOOKMARK [2][-]{subsection.4.29.1}{\376\377\000説\000明}{section.4.29}% 346
\BOOKMARK [2][-]{subsection.4.29.2}{\376\377\000関\000数}{section.4.29}% 347
\BOOKMARK [3][-]{subsubsection.4.29.2.1}{\376\377\000g\000e\000t\000L\000a\000b\000e\000l\000e\000d\000S\000t\000a\000t\000e\000m\000e\000n\000t\000P\000S\000I}{subsection.4.29.2}% 348
\BOOKMARK [1][-]{section.4.30}{\376\377\000P\000r\000o\000g\000r\000a\000m\000S\000l\000i\000c\000i\000n\000g\000/\000P\000r\000o\000g\000r\000a\000m\000S\000l\000i\000c\000i\000n\000g\000.\000h}{chapter.4}% 349
\BOOKMARK [2][-]{subsection.4.30.1}{\376\377\000説\000明}{section.4.30}% 350
\BOOKMARK [2][-]{subsection.4.30.2}{\376\377\000関\000数}{section.4.30}% 351
\BOOKMARK [3][-]{subsubsection.4.30.2.1}{\376\377\000c\000r\000e\000a\000t\000e\000D\000D\000\137\000l\000i\000s\000t}{subsection.4.30.2}% 352
\BOOKMARK [3][-]{subsubsection.4.30.2.2}{\376\377\000c\000r\000e\000a\000t\000e\000D\000D\000\137\000l\000i\000s\000t\000\137\000i\000n\000\137\000a\000r\000g\000u\000m\000e\000n\000t}{subsection.4.30.2}% 353
\BOOKMARK [3][-]{subsubsection.4.30.2.3}{\376\377\000c\000r\000e\000a\000t\000e\000D\000D\000\137\000l\000i\000s\000t\000\137\000i\000n\000\137\000F\000u\000n\000c\000t\000i\000o\000n}{subsection.4.30.2}% 354
\BOOKMARK [3][-]{subsubsection.4.30.2.4}{\376\377\000c\000r\000e\000a\000t\000e\000D\000D\000\137\000l\000i\000s\000t\000\137\000i\000n\000\137\000g\000l\000o\000b\000a\000l}{subsection.4.30.2}% 355
\BOOKMARK [3][-]{subsubsection.4.30.2.5}{\376\377\000c\000r\000e\000a\000t\000e\000D\000D\000\137\000l\000i\000s\000t\000A\000l\000l}{subsection.4.30.2}% 356
\BOOKMARK [3][-]{subsubsection.4.30.2.6}{\376\377\000c\000r\000e\000a\000t\000e\000S\000t\000a\000t\000e\000m\000e\000n\000t\000N\000o\000d\000e\000L\000i\000s\000t}{subsection.4.30.2}% 357
\BOOKMARK [3][-]{subsubsection.4.30.2.7}{\376\377\000s\000t\000a\000r\000t\000S\000t\000a\000t\000i\000c\000S\000l\000i\000c\000i\000n\000g}{subsection.4.30.2}% 358
\BOOKMARK [3][-]{subsubsection.4.30.2.8}{\376\377\000s\000t\000a\000t\000i\000c\000S\000l\000i\000c\000i\000n\000g}{subsection.4.30.2}% 359
\BOOKMARK [1][-]{section.4.31}{\376\377\000P\000r\000o\000g\000r\000a\000m\000S\000l\000i\000c\000i\000n\000g\000/\000P\000r\000o\000g\000r\000a\000m\000S\000l\000i\000c\000i\000n\000g\000I\000n\000f\000o\000r\000m\000a\000t\000i\000o\000n\000.\000h}{chapter.4}% 360
\BOOKMARK [2][-]{subsection.4.31.1}{\376\377\000説\000明}{section.4.31}% 361
\BOOKMARK [2][-]{subsection.4.31.2}{\376\377\000関\000数}{section.4.31}% 362
\BOOKMARK [3][-]{subsubsection.4.31.2.1}{\376\377\000g\000e\000t\000F\000u\000n\000c\000t\000i\000o\000n\000G\000r\000o\000b\000a\000l\000V\000a\000r\000i\000a\000b\000l\000e}{subsection.4.31.2}% 363
\BOOKMARK [3][-]{subsubsection.4.31.2.2}{\376\377\000g\000e\000t\000V\000a\000r\000i\000a\000b\000l\000e\000D\000e\000c\000l\000a\000r\000a\000t\000i\000o\000n\000F\000r\000o\000m\000E\000X\000P\000R\000\137\000S\000L\000I\000C\000I\000N\000G\000\137\000L\000I\000S\000T}{subsection.4.31.2}% 364
\BOOKMARK [3][-]{subsubsection.4.31.2.3}{\376\377\000i\000n\000i\000t\000E\000x\000p\000r\000S\000l\000i\000c\000i\000n\000g\000L\000i\000s\000t\000F\000l\000a\000g}{subsection.4.31.2}% 365
\BOOKMARK [3][-]{subsubsection.4.31.2.4}{\376\377\000n\000e\000w\000\137\000D\000D\000\137\000I\000N\000F\000O\000R\000M\000A\000T\000I\000O\000N}{subsection.4.31.2}% 366
\BOOKMARK [3][-]{subsubsection.4.31.2.5}{\376\377\000n\000e\000w\000\137\000E\000X\000P\000R\000\137\000S\000L\000I\000C\000I\000N\000G}{subsection.4.31.2}% 367
\BOOKMARK [3][-]{subsubsection.4.31.2.6}{\376\377\000p\000r\000i\000n\000t\000\137\000E\000X\000P\000R\000\137\000S\000L\000I\000C\000I\000N\000G\000\137\000L\000I\000S\000T}{subsection.4.31.2}% 368
\BOOKMARK [3][-]{subsubsection.4.31.2.7}{\376\377\000p\000r\000i\000n\000t\000\137\000t\000r\000e\000e\000\137\000E\000X\000P\000R\000\137\000S\000L\000I\000C\000I\000N\000G\000\137\000L\000I\000S\000T}{subsection.4.31.2}% 369
\BOOKMARK [3][-]{subsubsection.4.31.2.8}{\376\377\000r\000e\000g\000i\000s\000t\000e\000r\000I\000n\000c\000D\000e\000c\000V\000a\000r\000i\000a\000b\000l\000e}{subsection.4.31.2}% 370
\BOOKMARK [3][-]{subsubsection.4.31.2.9}{\376\377\000s\000e\000a\000r\000c\000h\000D\000D}{subsection.4.31.2}% 371
\BOOKMARK [3][-]{subsubsection.4.31.2.10}{\376\377\000s\000e\000a\000r\000c\000h\000D\000e\000c\000l\000a\000r\000a\000t\000i\000o\000n\000D\000D}{subsection.4.31.2}% 372
\BOOKMARK [3][-]{subsubsection.4.31.2.11}{\376\377\000s\000e\000a\000r\000c\000h\000F\000u\000n\000c\000t\000i\000o\000n\000P\000S\000I}{subsection.4.31.2}% 373
\BOOKMARK [3][-]{subsubsection.4.31.2.12}{\376\377\000s\000e\000t\000G\000l\000o\000b\000a\000l\000V\000a\000r\000i\000a\000b\000l\000e}{subsection.4.31.2}% 374
\BOOKMARK [1][-]{section.4.32}{\376\377\000P\000r\000o\000g\000r\000a\000m\000S\000l\000i\000c\000i\000n\000g\000/\000R\000e\000t\000u\000r\000n\000S\000t\000a\000t\000e\000m\000e\000n\000t\000P\000S\000I\000.\000h}{chapter.4}% 375
\BOOKMARK [2][-]{subsection.4.32.1}{\376\377\000説\000明}{section.4.32}% 376
\BOOKMARK [2][-]{subsection.4.32.2}{\376\377\000関\000数}{section.4.32}% 377
\BOOKMARK [3][-]{subsubsection.4.32.2.1}{\376\377\000g\000e\000t\000R\000e\000t\000u\000r\000n\000S\000t\000a\000t\000e\000m\000e\000n\000t\000P\000S\000I}{subsection.4.32.2}% 378
\BOOKMARK [1][-]{section.4.33}{\376\377\000P\000r\000o\000g\000r\000a\000m\000S\000l\000i\000c\000i\000n\000g\000/\000S\000w\000i\000t\000c\000h\000S\000t\000a\000t\000e\000m\000e\000n\000t\000P\000S\000I\000.\000h}{chapter.4}% 379
\BOOKMARK [2][-]{subsection.4.33.1}{\376\377\000説\000明}{section.4.33}% 380
\BOOKMARK [2][-]{subsection.4.33.2}{\376\377\000関\000数}{section.4.33}% 381
\BOOKMARK [3][-]{subsubsection.4.33.2.1}{\376\377\000g\000e\000t\000S\000w\000i\000c\000t\000h\000S\000t\000a\000t\000e\000m\000e\000n\000t\000P\000S\000I}{subsection.4.33.2}% 382
\BOOKMARK [1][-]{section.4.34}{\376\377\000P\000r\000o\000g\000r\000a\000m\000S\000l\000i\000c\000i\000n\000g\000/\000W\000h\000i\000l\000e\000S\000t\000a\000t\000e\000m\000e\000n\000t\000P\000S\000I\000.\000h}{chapter.4}% 383
\BOOKMARK [2][-]{subsection.4.34.1}{\376\377\000説\000明}{section.4.34}% 384
\BOOKMARK [2][-]{subsection.4.34.2}{\376\377\000関\000数}{section.4.34}% 385
\BOOKMARK [3][-]{subsubsection.4.34.2.1}{\376\377\000g\000e\000t\000W\000h\000i\000l\000e\000S\000t\000a\000t\000e\000m\000e\000n\000t\000P\000S\000I}{subsection.4.34.2}% 386
