\BOOKMARK [0][-]{chapter.1}{\376\377\000デ\000ー\000タ\000構\000造\000索\000引}{}% 1
\BOOKMARK [1][-]{section.1.1}{\376\377\000デ\000ー\000タ\000構\000造}{chapter.1}% 2
\BOOKMARK [0][-]{chapter.2}{\376\377\000フ\000ァ\000イ\000ル\000索\000引}{}% 3
\BOOKMARK [1][-]{section.2.1}{\376\377\000フ\000ァ\000イ\000ル\000一\000覧}{chapter.2}% 4
\BOOKMARK [0][-]{chapter.3}{\376\377\000デ\000ー\000タ\000構\000造}{}% 5
\BOOKMARK [1][-]{section.3.1}{\376\377\000構\000造\000体\000\040\000a\000b\000s\000t\000r\000a\000c\000t\000\137\000s\000y\000n\000t\000a\000x\000\137\000t\000r\000e\000e}{chapter.3}% 6
\BOOKMARK [2][-]{subsection.3.1.1}{\376\377\000説\000明}{section.3.1}% 7
\BOOKMARK [1][-]{section.3.2}{\376\377\000構\000造\000体\000\040\000a\000r\000r\000a\000y\000\137\000o\000f\000f\000s\000e\000t}{chapter.3}% 8
\BOOKMARK [2][-]{subsection.3.2.1}{\376\377\000説\000明}{section.3.2}% 9
\BOOKMARK [1][-]{section.3.3}{\376\377\000構\000造\000体\000\040\000d\000i\000v\000i\000t\000i\000o\000n\000\137\000i\000n\000f\000o\000r\000m\000a\000t\000i\000o\000n}{chapter.3}% 10
\BOOKMARK [2][-]{subsection.3.3.1}{\376\377\000説\000明}{section.3.3}% 11
\BOOKMARK [1][-]{section.3.4}{\376\377\000構\000造\000体\000\040\000f\000o\000r\000\137\000i\000n\000f\000o\000r\000m\000a\000t\000i\000o\000n}{chapter.3}% 12
\BOOKMARK [2][-]{subsection.3.4.1}{\376\377\000説\000明}{section.3.4}% 13
\BOOKMARK [1][-]{section.3.5}{\376\377\000構\000造\000体\000\040\000f\000r\000e\000e\000m\000e\000m\000\137\000i\000n\000f\000o}{chapter.3}% 14
\BOOKMARK [2][-]{subsection.3.5.1}{\376\377\000説\000明}{section.3.5}% 15
\BOOKMARK [1][-]{section.3.6}{\376\377\000構\000造\000体\000\040\000f\000u\000n\000c\000t\000i\000o\000n\000\137\000i\000n\000f\000o\000r\000m\000a\000t\000i\000o\000n}{chapter.3}% 16
\BOOKMARK [2][-]{subsection.3.6.1}{\376\377\000説\000明}{section.3.6}% 17
\BOOKMARK [1][-]{section.3.7}{\376\377\000構\000造\000体\000\040\000i\000n\000c\000l\000u\000d\000e\000\137\000d\000a\000t\000a}{chapter.3}% 18
\BOOKMARK [2][-]{subsection.3.7.1}{\376\377\000説\000明}{section.3.7}% 19
\BOOKMARK [1][-]{section.3.8}{\376\377\000構\000造\000体\000\040\000m\000e\000m\000o\000r\000y\000\137\000a\000l\000l\000o\000c\000a\000t\000i\000o\000n\000\137\000i\000n\000f\000o}{chapter.3}% 20
\BOOKMARK [2][-]{subsection.3.8.1}{\376\377\000説\000明}{section.3.8}% 21
\BOOKMARK [1][-]{section.3.9}{\376\377\000構\000造\000体\000\040\000p\000a\000r\000a\000m\000\137\000i\000n\000f\000o\000r\000m\000a\000t\000i\000o\000n}{chapter.3}% 22
\BOOKMARK [2][-]{subsection.3.9.1}{\376\377\000説\000明}{section.3.9}% 23
\BOOKMARK [1][-]{section.3.10}{\376\377\000構\000造\000体\000\040\000r\000e\000t\000u\000r\000n\000\137\000i\000n\000f\000o}{chapter.3}% 24
\BOOKMARK [2][-]{subsection.3.10.1}{\376\377\000説\000明}{section.3.10}% 25
\BOOKMARK [1][-]{section.3.11}{\376\377\000構\000造\000体\000\040\000s\000t\000r\000u\000c\000t\000\137\000t\000a\000b\000l\000e}{chapter.3}% 26
\BOOKMARK [2][-]{subsection.3.11.1}{\376\377\000説\000明}{section.3.11}% 27
\BOOKMARK [1][-]{section.3.12}{\376\377\000構\000造\000体\000\040\000t\000y\000p\000e\000d\000e\000f\000\137\000t\000a\000b\000l\000e}{chapter.3}% 28
\BOOKMARK [2][-]{subsection.3.12.1}{\376\377\000説\000明}{section.3.12}% 29
\BOOKMARK [1][-]{section.3.13}{\376\377\000構\000造\000体\000\040\000v\000a\000l\000i\000d\000a\000t\000e\000\137\000s\000t\000a\000t\000e\000m\000e\000n\000t}{chapter.3}% 30
\BOOKMARK [2][-]{subsection.3.13.1}{\376\377\000説\000明}{section.3.13}% 31
\BOOKMARK [1][-]{section.3.14}{\376\377\000構\000造\000体\000\040\000v\000a\000l\000i\000d\000a\000t\000e\000\137\000v\000a\000r\000i\000a\000b\000l\000e}{chapter.3}% 32
\BOOKMARK [2][-]{subsection.3.14.1}{\376\377\000説\000明}{section.3.14}% 33
\BOOKMARK [1][-]{section.3.15}{\376\377\000構\000造\000体\000\040\000v\000a\000r\000i\000a\000b\000l\000e\000\137\000t\000a\000b\000l\000e}{chapter.3}% 34
\BOOKMARK [2][-]{subsection.3.15.1}{\376\377\000説\000明}{section.3.15}% 35
\BOOKMARK [0][-]{chapter.4}{\376\377\000フ\000ァ\000イ\000ル}{}% 36
\BOOKMARK [1][-]{section.4.1}{\376\377\000A\000N\000S\000I\000C\000I\000n\000f\000o\000r\000m\000a\000t\000i\000o\000n\000/\000A\000S\000T\000.\000h}{chapter.4}% 37
\BOOKMARK [2][-]{subsection.4.1.1}{\376\377\000説\000明}{section.4.1}% 38
\BOOKMARK [2][-]{subsection.4.1.2}{\376\377\000型\000定\000義}{section.4.1}% 39
\BOOKMARK [3][-]{subsubsection.4.1.2.1}{\376\377\000A\000S\000T}{subsection.4.1.2}% 40
\BOOKMARK [2][-]{subsection.4.1.3}{\376\377\000関\000数}{section.4.1}% 41
\BOOKMARK [3][-]{subsubsection.4.1.3.1}{\376\377\000d\000e\000l\000e\000t\000e\000A\000S\000T}{subsection.4.1.3}% 42
\BOOKMARK [3][-]{subsubsection.4.1.3.2}{\376\377\000f\000i\000n\000d\000A\000S\000T\000A\000d\000d\000r\000e\000s\000s}{subsection.4.1.3}% 43
\BOOKMARK [3][-]{subsubsection.4.1.3.3}{\376\377\000f\000p\000r\000i\000n\000t\000D\000a\000t\000a\000F\000r\000o\000m\000A\000S\000T}{subsection.4.1.3}% 44
\BOOKMARK [3][-]{subsubsection.4.1.3.4}{\376\377\000f\000p\000r\000i\000n\000t\000f\000S\000t\000a\000t\000e\000m\000e\000n\000t}{subsection.4.1.3}% 45
\BOOKMARK [3][-]{subsubsection.4.1.3.5}{\376\377\000g\000e\000t\000A\000r\000g\000u\000m\000e\000n\000t\000A\000S\000T}{subsection.4.1.3}% 46
\BOOKMARK [3][-]{subsubsection.4.1.3.6}{\376\377\000g\000e\000t\000A\000r\000g\000u\000m\000e\000n\000t\000S\000t\000r\000i\000n\000g}{subsection.4.1.3}% 47
\BOOKMARK [3][-]{subsubsection.4.1.3.7}{\376\377\000g\000e\000t\000A\000r\000g\000u\000m\000e\000n\000t\000S\000t\000r\000i\000n\000g\000E\000n\000a\000b\000l\000e\000E\000x\000c\000e\000p\000t}{subsection.4.1.3}% 48
\BOOKMARK [3][-]{subsubsection.4.1.3.8}{\376\377\000g\000e\000t\000A\000S\000T\000w\000i\000t\000h\000S\000t\000r\000i\000n\000g}{subsection.4.1.3}% 49
\BOOKMARK [3][-]{subsubsection.4.1.3.9}{\376\377\000g\000e\000t\000S\000t\000r\000i\000n\000g\000F\000r\000o\000m\000A\000S\000T}{subsection.4.1.3}% 50
\BOOKMARK [3][-]{subsubsection.4.1.3.10}{\376\377\000g\000e\000t\000S\000t\000r\000i\000n\000g\000F\000r\000o\000m\000A\000S\000T\000E\000n\000a\000b\000l\000e\000E\000x\000c\000e\000p\000t}{subsection.4.1.3}% 51
\BOOKMARK [3][-]{subsubsection.4.1.3.11}{\376\377\000g\000e\000t\000S\000t\000r\000i\000n\000g\000R\000e\000p\000l\000a\000c\000e\000A\000S\000T\000t\000o\000S\000t\000r\000i\000n\000g}{subsection.4.1.3}% 52
\BOOKMARK [3][-]{subsubsection.4.1.3.12}{\376\377\000m\000u\000l\000t\000i\000\137\000p\000u\000s\000h\000\137\000b\000a\000c\000k\000\137\000c\000h\000i\000l\000d\000r\000e\000n\000A\000S\000T}{subsection.4.1.3}% 53
\BOOKMARK [3][-]{subsubsection.4.1.3.13}{\376\377\000n\000e\000w\000\137\000A\000S\000T}{subsection.4.1.3}% 54
\BOOKMARK [3][-]{subsubsection.4.1.3.14}{\376\377\000p\000r\000i\000n\000t\000D\000a\000t\000a\000F\000r\000o\000m\000A\000S\000T}{subsection.4.1.3}% 55
\BOOKMARK [3][-]{subsubsection.4.1.3.15}{\376\377\000p\000r\000i\000n\000t\000T\000a\000r\000g\000e\000t\000A\000S\000T\000N\000o\000d\000e}{subsection.4.1.3}% 56
\BOOKMARK [3][-]{subsubsection.4.1.3.16}{\376\377\000p\000u\000s\000h\000\137\000b\000a\000c\000k\000\137\000c\000h\000i\000l\000d\000r\000e\000n\000A\000S\000T}{subsection.4.1.3}% 57
\BOOKMARK [3][-]{subsubsection.4.1.3.17}{\376\377\000s\000a\000m\000e\000\137\000n\000e\000w\000\137\000A\000S\000T}{subsection.4.1.3}% 58
\BOOKMARK [3][-]{subsubsection.4.1.3.18}{\376\377\000s\000e\000t\000A\000S\000T\000B\000l\000o\000c\000k\000l\000e\000v\000e\000l\000A\000n\000d\000I\000d}{subsection.4.1.3}% 59
\BOOKMARK [3][-]{subsubsection.4.1.3.19}{\376\377\000s\000e\000t\000A\000S\000T\000R\000e\000t\000u\000r\000n\000T\000y\000p\000e}{subsection.4.1.3}% 60
\BOOKMARK [3][-]{subsubsection.4.1.3.20}{\376\377\000t\000r\000a\000v\000e\000r\000s\000e\000A\000S\000T}{subsection.4.1.3}% 61
\BOOKMARK [3][-]{subsubsection.4.1.3.21}{\376\377\000t\000r\000a\000v\000e\000r\000s\000e\000A\000S\000T\000w\000i\000t\000h\000X\000M\000L}{subsection.4.1.3}% 62
\BOOKMARK [1][-]{section.4.2}{\376\377\000A\000N\000S\000I\000C\000I\000n\000f\000o\000r\000m\000a\000t\000i\000o\000n\000/\000D\000i\000v\000i\000t\000i\000o\000n\000D\000e\000c\000l\000a\000r\000a\000t\000o\000r\000.\000h}{chapter.4}% 63
\BOOKMARK [2][-]{subsection.4.2.1}{\376\377\000説\000明}{section.4.2}% 64
\BOOKMARK [2][-]{subsection.4.2.2}{\376\377\000関\000数}{section.4.2}% 65
\BOOKMARK [3][-]{subsubsection.4.2.2.1}{\376\377\000O\000u\000t\000p\000u\000t\000S\000o\000u\000r\000c\000e\000A\000f\000t\000e\000r\000D\000i\000v\000i\000t\000i\000o\000n\000D\000e\000c\000l\000a\000r\000a\000t\000o\000r}{subsection.4.2.2}% 66
\BOOKMARK [1][-]{section.4.3}{\376\377\000A\000N\000S\000I\000C\000I\000n\000f\000o\000r\000m\000a\000t\000i\000o\000n\000/\000D\000i\000v\000i\000t\000i\000o\000n\000I\000n\000f\000o\000r\000m\000a\000t\000i\000o\000n\000.\000h}{chapter.4}% 67
\BOOKMARK [2][-]{subsection.4.3.1}{\376\377\000説\000明}{section.4.3}% 68
\BOOKMARK [2][-]{subsection.4.3.2}{\376\377\000型\000定\000義}{section.4.3}% 69
\BOOKMARK [3][-]{subsubsection.4.3.2.1}{\376\377\000D\000I\000V\000I\000T\000I\000O\000N\000\137\000I\000N\000F\000O\000R\000M\000A\000T\000I\000O\000N}{subsection.4.3.2}% 70
\BOOKMARK [2][-]{subsection.4.3.3}{\376\377\000関\000数}{section.4.3}% 71
\BOOKMARK [3][-]{subsubsection.4.3.3.1}{\376\377\000g\000e\000t\000D\000I\000V\000I\000T\000I\000O\000N\000\137\000I\000N\000F\000O\000R\000M\000A\000T\000I\000O\000N\000\137\000L\000I\000S\000T}{subsection.4.3.3}% 72
\BOOKMARK [3][-]{subsubsection.4.3.3.2}{\376\377\000n\000e\000w\000\137\000D\000I\000V\000I\000T\000I\000O\000N\000\137\000I\000N\000F\000O\000R\000M\000A\000T\000I\000O\000N}{subsection.4.3.3}% 73
\BOOKMARK [3][-]{subsubsection.4.3.3.3}{\376\377\000n\000e\000w\000\137\000D\000I\000V\000I\000T\000I\000O\000N\000\137\000I\000N\000F\000O\000R\000M\000A\000T\000I\000O\000N\000\137\000c\000h\000a\000r}{subsection.4.3.3}% 74
\BOOKMARK [3][-]{subsubsection.4.3.3.4}{\376\377\000p\000r\000i\000n\000t\000D\000I\000V\000I\000T\000I\000O\000N\000\137\000I\000N\000F\000O\000R\000M\000A\000T\000I\000O\000N\000\137\000L\000I\000S\000T}{subsection.4.3.3}% 75
\BOOKMARK [1][-]{section.4.4}{\376\377\000A\000N\000S\000I\000C\000I\000n\000f\000o\000r\000m\000a\000t\000i\000o\000n\000/\000F\000r\000e\000e\000M\000e\000m\000I\000n\000f\000o\000.\000h}{chapter.4}% 76
\BOOKMARK [2][-]{subsection.4.4.1}{\376\377\000説\000明}{section.4.4}% 77
\BOOKMARK [2][-]{subsection.4.4.2}{\376\377\000型\000定\000義}{section.4.4}% 78
\BOOKMARK [3][-]{subsubsection.4.4.2.1}{\376\377\000F\000R\000E\000E\000M\000E\000M\000I\000N\000F\000O}{subsection.4.4.2}% 79
\BOOKMARK [2][-]{subsection.4.4.3}{\376\377\000関\000数}{section.4.4}% 80
\BOOKMARK [3][-]{subsubsection.4.4.3.1}{\376\377\000g\000e\000t\000F\000r\000e\000e\000m\000e\000m\000I\000n\000f\000o}{subsection.4.4.3}% 81
\BOOKMARK [3][-]{subsubsection.4.4.3.2}{\376\377\000n\000e\000w\000\137\000F\000R\000E\000E\000M\000E\000M\000I\000N\000F\000O}{subsection.4.4.3}% 82
\BOOKMARK [3][-]{subsubsection.4.4.3.3}{\376\377\000p\000r\000i\000n\000t\000F\000R\000E\000E\000M\000E\000M\000I\000N\000F\000O}{subsection.4.4.3}% 83
\BOOKMARK [1][-]{section.4.5}{\376\377\000A\000N\000S\000I\000C\000I\000n\000f\000o\000r\000m\000a\000t\000i\000o\000n\000/\000F\000u\000n\000c\000t\000i\000o\000n\000I\000n\000f\000o\000r\000m\000a\000t\000i\000o\000n\000.\000h}{chapter.4}% 84
\BOOKMARK [2][-]{subsection.4.5.1}{\376\377\000説\000明}{section.4.5}% 85
\BOOKMARK [2][-]{subsection.4.5.2}{\376\377\000型\000定\000義}{section.4.5}% 86
\BOOKMARK [3][-]{subsubsection.4.5.2.1}{\376\377\000F\000U\000N\000C\000T\000I\000O\000N\000\137\000I\000N\000F\000O\000R\000M\000A\000T\000I\000O\000N}{subsection.4.5.2}% 87
\BOOKMARK [3][-]{subsubsection.4.5.2.2}{\376\377\000P\000A\000R\000A\000M\000\137\000I\000N\000F\000O\000R\000M\000A\000T\000I\000O\000N}{subsection.4.5.2}% 88
\BOOKMARK [2][-]{subsection.4.5.3}{\376\377\000関\000数}{section.4.5}% 89
\BOOKMARK [3][-]{subsubsection.4.5.3.1}{\376\377\000d\000e\000l\000e\000t\000e\000P\000a\000r\000a\000m\000e\000t\000e\000r\000D\000e\000f\000i\000n\000e}{subsection.4.5.3}% 90
\BOOKMARK [3][-]{subsubsection.4.5.3.2}{\376\377\000g\000e\000t\000F\000u\000n\000c\000t\000i\000o\000n\000I\000n\000f\000o\000r\000m\000a\000t\000i\000o\000n}{subsection.4.5.3}% 91
\BOOKMARK [3][-]{subsubsection.4.5.3.3}{\376\377\000g\000e\000t\000F\000u\000n\000c\000t\000i\000o\000n\000I\000n\000f\000o\000r\000m\000a\000t\000i\000o\000n\000F\000r\000o\000m\000F\000i\000l\000e}{subsection.4.5.3}% 92
\BOOKMARK [3][-]{subsubsection.4.5.3.4}{\376\377\000g\000e\000t\000I\000N\000\137\000O\000U\000T\000\137\000F\000L\000A\000G}{subsection.4.5.3}% 93
\BOOKMARK [3][-]{subsubsection.4.5.3.5}{\376\377\000g\000e\000t\000P\000a\000r\000a\000m\000I\000n\000f\000o\000r\000m\000a\000t\000i\000o\000n\000F\000r\000o\000m\000F\000u\000n\000c\000t\000i\000o\000n\000D\000i\000f\000i\000n\000i\000t\000i\000o\000n}{subsection.4.5.3}% 94
\BOOKMARK [3][-]{subsubsection.4.5.3.6}{\376\377\000g\000e\000t\000P\000o\000i\000n\000t\000e\000r\000L\000e\000v\000e\000l\000F\000r\000o\000m\000F\000U\000N\000C\000T\000I\000O\000N\000\137\000I\000N\000F\000O\000R\000M\000A\000T\000I\000O\000N\000\137\000L\000I\000S\000T}{subsection.4.5.3}% 95
\BOOKMARK [3][-]{subsubsection.4.5.3.7}{\376\377\000n\000e\000w\000\137\000F\000U\000N\000C\000T\000I\000O\000N\000\137\000I\000N\000F\000O\000R\000M\000A\000T\000I\000O\000N}{subsection.4.5.3}% 96
\BOOKMARK [3][-]{subsubsection.4.5.3.8}{\376\377\000n\000e\000w\000\137\000P\000A\000R\000A\000M\000\137\000I\000N\000F\000O\000R\000M\000A\000T\000I\000O\000N}{subsection.4.5.3}% 97
\BOOKMARK [3][-]{subsubsection.4.5.3.9}{\376\377\000p\000r\000i\000n\000t\000F\000U\000N\000C\000T\000I\000O\000N\000\137\000I\000N\000F\000O\000R\000M\000A\000T\000I\000O\000N\000\137\000L\000I\000S\000T}{subsection.4.5.3}% 98
\BOOKMARK [3][-]{subsubsection.4.5.3.10}{\376\377\000s\000e\000a\000r\000c\000h\000F\000U\000N\000C\000T\000I\000O\000N\000\137\000I\000N\000F\000O\000R\000M\000A\000T\000I\000O\000N}{subsection.4.5.3}% 99
\BOOKMARK [1][-]{section.4.6}{\376\377\000A\000N\000S\000I\000C\000I\000n\000f\000o\000r\000m\000a\000t\000i\000o\000n\000/\000M\000e\000m\000a\000l\000l\000o\000c\000I\000n\000f\000o\000.\000h}{chapter.4}% 100
\BOOKMARK [2][-]{subsection.4.6.1}{\376\377\000説\000明}{section.4.6}% 101
\BOOKMARK [2][-]{subsection.4.6.2}{\376\377\000型\000定\000義}{section.4.6}% 102
\BOOKMARK [3][-]{subsubsection.4.6.2.1}{\376\377\000M\000E\000M\000A\000L\000L\000O\000C\000\137\000I\000N\000F\000O}{subsection.4.6.2}% 103
\BOOKMARK [2][-]{subsection.4.6.3}{\376\377\000関\000数}{section.4.6}% 104
\BOOKMARK [3][-]{subsubsection.4.6.3.1}{\376\377\000g\000e\000t\000C\000a\000l\000l\000o\000c\000I\000n\000f\000o\000r\000m\000a\000t\000i\000o\000n}{subsection.4.6.3}% 105
\BOOKMARK [3][-]{subsubsection.4.6.3.2}{\376\377\000g\000e\000t\000M\000a\000l\000l\000o\000c\000I\000n\000f\000o\000r\000m\000a\000t\000i\000o\000n}{subsection.4.6.3}% 106
\BOOKMARK [3][-]{subsubsection.4.6.3.3}{\376\377\000g\000e\000t\000M\000a\000l\000l\000o\000c\000M\000a\000x\000s\000i\000z\000e}{subsection.4.6.3}% 107
\BOOKMARK [3][-]{subsubsection.4.6.3.4}{\376\377\000g\000e\000t\000R\000e\000a\000l\000l\000o\000c\000I\000n\000f\000o\000r\000m\000a\000t\000i\000o\000n}{subsection.4.6.3}% 108
\BOOKMARK [3][-]{subsubsection.4.6.3.5}{\376\377\000m\000e\000m\000o\000r\000y\000A\000l\000l\000o\000c\000a\000t\000i\000o\000n\000A\000n\000a\000r\000y\000s\000i\000s}{subsection.4.6.3}% 109
\BOOKMARK [3][-]{subsubsection.4.6.3.6}{\376\377\000n\000e\000w\000\137\000M\000E\000M\000A\000L\000L\000O\000C\000\137\000I\000N\000F\000O}{subsection.4.6.3}% 110
\BOOKMARK [3][-]{subsubsection.4.6.3.7}{\376\377\000n\000e\000w\000\137\000M\000E\000M\000A\000L\000L\000O\000C\000\137\000I\000N\000F\000O\000\137\000c\000h\000a\000r}{subsection.4.6.3}% 111
\BOOKMARK [3][-]{subsubsection.4.6.3.8}{\376\377\000s\000e\000a\000r\000c\000h\000S\000i\000z\000e\000o\000f}{subsection.4.6.3}% 112
\BOOKMARK [1][-]{section.4.7}{\376\377\000A\000N\000S\000I\000C\000I\000n\000f\000o\000r\000m\000a\000t\000i\000o\000n\000/\000P\000o\000i\000n\000t\000e\000r\000A\000r\000r\000a\000y\000C\000o\000n\000t\000r\000o\000l\000.\000h}{chapter.4}% 113
\BOOKMARK [2][-]{subsection.4.7.1}{\376\377\000説\000明}{section.4.7}% 114
\BOOKMARK [2][-]{subsection.4.7.2}{\376\377\000型\000定\000義}{section.4.7}% 115
\BOOKMARK [3][-]{subsubsection.4.7.2.1}{\376\377\000A\000R\000R\000A\000Y\000\137\000O\000F\000F\000S\000E\000T}{subsection.4.7.2}% 116
\BOOKMARK [2][-]{subsection.4.7.3}{\376\377\000関\000数}{section.4.7}% 117
\BOOKMARK [3][-]{subsubsection.4.7.3.1}{\376\377\000A\000R\000R\000A\000Y\000\137\000O\000F\000F\000S\000E\000T\000\137\000L\000I\000S\000T\000\137\000p\000u\000s\000h\000\137\000b\000a\000c\000k\000\137\000r\000e\000f\000\137\000n\000o\000t\000\137\000d\000u\000p}{subsection.4.7.3}% 118
\BOOKMARK [3][-]{subsubsection.4.7.3.2}{\376\377\000c\000h\000e\000c\000k\000C\000a\000l\000l\000F\000u\000n\000c\000t\000i\000o\000n}{subsection.4.7.3}% 119
\BOOKMARK [3][-]{subsubsection.4.7.3.3}{\376\377\000c\000h\000e\000c\000k\000I\000d\000e\000n\000t\000i\000f\000i\000e\000r\000P\000o\000i\000n\000t\000e\000r\000A\000r\000r\000a\000y\000L\000e\000v\000e\000l}{subsection.4.7.3}% 120
\BOOKMARK [3][-]{subsubsection.4.7.3.4}{\376\377\000c\000h\000e\000c\000k\000I\000g\000n\000o\000r\000e\000A\000S\000T\000L\000i\000s\000t}{subsection.4.7.3}% 121
\BOOKMARK [3][-]{subsubsection.4.7.3.5}{\376\377\000c\000o\000p\000y\000A\000r\000r\000a\000y\000O\000f\000f\000s\000e\000t\000L\000i\000s\000t}{subsection.4.7.3}% 122
\BOOKMARK [3][-]{subsubsection.4.7.3.6}{\376\377\000c\000r\000e\000a\000t\000e\000A\000r\000r\000a\000y\000E\000x\000p\000r\000e\000s\000s\000i\000o\000n}{subsection.4.7.3}% 123
\BOOKMARK [3][-]{subsubsection.4.7.3.7}{\376\377\000c\000r\000e\000a\000t\000e\000V\000a\000l\000i\000d\000a\000t\000e\000V\000a\000r\000i\000a\000b\000l\000e\000A\000r\000r\000a\000y\000E\000x\000p\000r\000e\000s\000s\000i\000o\000n}{subsection.4.7.3}% 124
\BOOKMARK [3][-]{subsubsection.4.7.3.8}{\376\377\000d\000e\000l\000e\000t\000e\000O\000F\000F\000S\000E\000T\000\137\000L\000I\000S\000T}{subsection.4.7.3}% 125
\BOOKMARK [3][-]{subsubsection.4.7.3.9}{\376\377\000d\000e\000l\000e\000t\000e\000P\000o\000i\000n\000t\000e\000r}{subsection.4.7.3}% 126
\BOOKMARK [3][-]{subsubsection.4.7.3.10}{\376\377\000d\000e\000l\000e\000t\000e\000P\000o\000i\000n\000t\000e\000r\000A\000n\000d\000A\000r\000r\000a\000y\000S\000y\000n\000b\000o\000l}{subsection.4.7.3}% 127
\BOOKMARK [3][-]{subsubsection.4.7.3.11}{\376\377\000g\000e\000t\000\137\000A\000R\000R\000A\000Y\000\137\000O\000F\000F\000S\000E\000T\000\137\000L\000I\000S\000T\000I\000g\000n\000o\000r\000e\000A\000S\000T\000N\000A\000M\000E}{subsection.4.7.3}% 128
\BOOKMARK [3][-]{subsubsection.4.7.3.12}{\376\377\000g\000e\000t\000A\000r\000g\000u\000m\000e\000n\000t\000O\000f\000f\000s\000e\000t\000I\000n\000f\000o}{subsection.4.7.3}% 129
\BOOKMARK [3][-]{subsubsection.4.7.3.13}{\376\377\000g\000e\000t\000A\000R\000R\000A\000Y\000\137\000O\000F\000F\000S\000E\000T\000\137\000L\000I\000S\000T}{subsection.4.7.3}% 130
\BOOKMARK [3][-]{subsubsection.4.7.3.14}{\376\377\000g\000e\000t\000A\000r\000r\000a\000y\000O\000f\000f\000s\000e\000t\000I\000n\000A\000n\000p\000a\000s\000a\000n\000d\000I\000n\000f\000o}{subsection.4.7.3}% 131
\BOOKMARK [3][-]{subsubsection.4.7.3.15}{\376\377\000g\000e\000t\000A\000r\000r\000a\000y\000O\000f\000f\000s\000e\000t\000I\000n\000I\000n\000c\000D\000e\000c\000I\000n\000f\000o}{subsection.4.7.3}% 132
\BOOKMARK [3][-]{subsubsection.4.7.3.16}{\376\377\000g\000e\000t\000D\000e\000c\000l\000a\000r\000a\000t\000o\000r\000A\000r\000r\000a\000y\000O\000f\000f\000s\000e\000t}{subsection.4.7.3}% 133
\BOOKMARK [3][-]{subsubsection.4.7.3.17}{\376\377\000g\000e\000t\000E\000x\000p\000r\000e\000s\000s\000i\000o\000n\000O\000f\000f\000s\000e\000t\000I\000n\000f\000o}{subsection.4.7.3}% 134
\BOOKMARK [3][-]{subsubsection.4.7.3.18}{\376\377\000g\000e\000t\000O\000F\000F\000S\000E\000T\000\137\000L\000I\000S\000T\000F\000r\000o\000m\000V\000a\000r\000i\000a\000b\000l\000e\000T\000a\000b\000l\000e}{subsection.4.7.3}% 135
\BOOKMARK [3][-]{subsubsection.4.7.3.19}{\376\377\000g\000e\000t\000O\000f\000f\000s\000e\000t\000L\000e\000v\000e\000l\000F\000r\000o\000m\000A\000r\000r\000a\000y\000O\000f\000f\000s\000e\000t}{subsection.4.7.3}% 136
\BOOKMARK [3][-]{subsubsection.4.7.3.20}{\376\377\000g\000e\000t\000P\000o\000i\000n\000t\000e\000r\000A\000c\000c\000e\000s\000s\000O\000r\000I\000d\000e\000n\000t\000i\000f\000i\000e\000r\000L\000i\000s\000t}{subsection.4.7.3}% 137
\BOOKMARK [3][-]{subsubsection.4.7.3.21}{\376\377\000g\000e\000t\000P\000o\000i\000n\000t\000e\000r\000A\000r\000r\000a\000y\000O\000f\000f\000s\000e\000t}{subsection.4.7.3}% 138
\BOOKMARK [3][-]{subsubsection.4.7.3.22}{\376\377\000g\000e\000t\000S\000i\000n\000g\000l\000e\000E\000x\000p\000r\000e\000s\000s\000i\000o\000n\000O\000f\000f\000s\000e\000t\000I\000n\000f\000o}{subsection.4.7.3}% 139
\BOOKMARK [3][-]{subsubsection.4.7.3.23}{\376\377\000g\000e\000t\000U\000p\000p\000e\000r\000E\000x\000p\000r\000e\000s\000s\000i\000o\000n\000R\000e\000l\000a\000t\000i\000o\000n\000N\000o\000d\000e}{subsection.4.7.3}% 140
\BOOKMARK [3][-]{subsubsection.4.7.3.24}{\376\377\000m\000a\000x\000O\000f\000f\000s\000e\000t\000L\000e\000v\000e\000l\000A\000d\000d\000r\000e\000s\000s\000F\000r\000o\000m\000A\000r\000r\000a\000y\000O\000f\000f\000s\000e\000t\000L\000i\000s\000t}{subsection.4.7.3}% 141
\BOOKMARK [3][-]{subsubsection.4.7.3.25}{\376\377\000m\000a\000x\000O\000f\000f\000s\000e\000t\000L\000e\000v\000e\000l\000F\000r\000o\000m\000A\000r\000r\000a\000y\000O\000f\000f\000s\000e\000t\000L\000i\000s\000t}{subsection.4.7.3}% 142
\BOOKMARK [3][-]{subsubsection.4.7.3.26}{\376\377\000m\000i\000n\000u\000s\000A\000r\000r\000a\000y\000O\000f\000f\000s\000e\000t\000L\000i\000s\000t}{subsection.4.7.3}% 143
\BOOKMARK [3][-]{subsubsection.4.7.3.27}{\376\377\000m\000o\000v\000e\000A\000r\000r\000a\000y\000O\000f\000f\000s\000e\000t\000L\000i\000s\000t}{subsection.4.7.3}% 144
\BOOKMARK [3][-]{subsubsection.4.7.3.28}{\376\377\000n\000e\000w\000\137\000A\000R\000R\000A\000Y\000\137\000O\000F\000F\000S\000E\000T}{subsection.4.7.3}% 145
\BOOKMARK [3][-]{subsubsection.4.7.3.29}{\376\377\000n\000e\000w\000\137\000A\000R\000R\000A\000Y\000\137\000O\000F\000F\000S\000E\000T\000\137\000c\000h\000a\000r}{subsection.4.7.3}% 146
\BOOKMARK [3][-]{subsubsection.4.7.3.30}{\376\377\000O\000F\000F\000S\000E\000T\000\137\000L\000I\000S\000T\000\137\000p\000u\000s\000h\000\137\000b\000a\000c\000k\000\137\000a\000l\000l\000o\000c}{subsection.4.7.3}% 147
\BOOKMARK [3][-]{subsubsection.4.7.3.31}{\376\377\000p\000r\000i\000n\000t\000A\000S\000T\000P\000O\000I\000N\000T\000E\000R\000\137\000L\000I\000S\000T}{subsection.4.7.3}% 148
\BOOKMARK [3][-]{subsubsection.4.7.3.32}{\376\377\000s\000e\000a\000r\000c\000h\000A\000R\000R\000A\000Y\000\137\000O\000F\000F\000S\000E\000T\000\137\000L\000I\000S\000T}{subsection.4.7.3}% 149
\BOOKMARK [3][-]{subsubsection.4.7.3.33}{\376\377\000s\000e\000a\000r\000c\000h\000E\000x\000p\000r\000e\000s\000s\000i\000o\000n\000O\000r\000P\000o\000i\000n\000t\000e\000A\000r\000r\000a\000y\000O\000r\000I\000d\000e\000n}{subsection.4.7.3}% 150
\BOOKMARK [3][-]{subsubsection.4.7.3.34}{\376\377\000s\000e\000a\000r\000c\000h\000O\000f\000f\000s\000e\000t\000L\000e\000v\000e\000l\000A\000d\000d\000r\000e\000s\000s\000F\000r\000o\000m\000A\000r\000r\000a\000y\000O\000f\000f\000s\000e\000t\000L\000i\000s\000t}{subsection.4.7.3}% 151
\BOOKMARK [3][-]{subsubsection.4.7.3.35}{\376\377\000s\000e\000a\000r\000c\000h\000P\000o\000i\000n\000t\000e\000r\000A\000c\000c\000e\000s\000s\000O\000r\000I\000d\000e\000n\000t\000i\000f\000i\000e\000r}{subsection.4.7.3}% 152
\BOOKMARK [1][-]{section.4.8}{\376\377\000A\000N\000S\000I\000C\000I\000n\000f\000o\000r\000m\000a\000t\000i\000o\000n\000/\000P\000r\000e\000P\000r\000o\000c\000e\000s\000s\000.\000h}{chapter.4}% 153
\BOOKMARK [2][-]{subsection.4.8.1}{\376\377\000説\000明}{section.4.8}% 154
\BOOKMARK [2][-]{subsection.4.8.2}{\376\377\000型\000定\000義}{section.4.8}% 155
\BOOKMARK [3][-]{subsubsection.4.8.2.1}{\376\377\000I\000N\000C\000L\000U\000D\000E\000\137\000D\000A\000T\000A}{subsection.4.8.2}% 156
\BOOKMARK [2][-]{subsection.4.8.3}{\376\377\000関\000数}{section.4.8}% 157
\BOOKMARK [3][-]{subsubsection.4.8.3.1}{\376\377\000a\000d\000d\000I\000n\000c\000l\000u\000d\000e\000D\000a\000t\000a\000F\000r\000o\000m\000F\000i\000l\000e}{subsection.4.8.3}% 158
\BOOKMARK [3][-]{subsubsection.4.8.3.2}{\376\377\000a\000d\000j\000u\000s\000t\000P\000r\000o\000g\000r\000a\000m\000S\000t\000a\000r\000t}{subsection.4.8.3}% 159
\BOOKMARK [3][-]{subsubsection.4.8.3.3}{\376\377\000i\000n\000c\000l\000u\000d\000e\000C\000o\000m\000m\000e\000n\000t}{subsection.4.8.3}% 160
\BOOKMARK [3][-]{subsubsection.4.8.3.4}{\376\377\000n\000e\000w\000\137\000I\000N\000C\000L\000U\000D\000E\000\137\000D\000A\000T\000A}{subsection.4.8.3}% 161
\BOOKMARK [3][-]{subsubsection.4.8.3.5}{\376\377\000p\000r\000e\000P\000r\000o\000c\000e\000s\000s\000e\000r}{subsection.4.8.3}% 162
\BOOKMARK [3][-]{subsubsection.4.8.3.6}{\376\377\000r\000e\000a\000d\000I\000n\000c\000l\000u\000d\000e\000D\000a\000t\000a\000F\000r\000o\000m\000F\000i\000l\000e}{subsection.4.8.3}% 163
\BOOKMARK [1][-]{section.4.9}{\376\377\000A\000N\000S\000I\000C\000I\000n\000f\000o\000r\000m\000a\000t\000i\000o\000n\000/\000R\000e\000t\000u\000r\000n\000\137\000I\000n\000f\000o\000.\000h}{chapter.4}% 164
\BOOKMARK [2][-]{subsection.4.9.1}{\376\377\000説\000明}{section.4.9}% 165
\BOOKMARK [2][-]{subsection.4.9.2}{\376\377\000型\000定\000義}{section.4.9}% 166
\BOOKMARK [3][-]{subsubsection.4.9.2.1}{\376\377\000R\000E\000T\000U\000R\000N\000\137\000I\000N\000F\000O}{subsection.4.9.2}% 167
\BOOKMARK [2][-]{subsection.4.9.3}{\376\377\000関\000数}{section.4.9}% 168
\BOOKMARK [3][-]{subsubsection.4.9.3.1}{\376\377\000n\000e\000w\000\137\000R\000E\000T\000U\000R\000N\000\137\000I\000N\000F\000O}{subsection.4.9.3}% 169
\BOOKMARK [1][-]{section.4.10}{\376\377\000A\000N\000S\000I\000C\000I\000n\000f\000o\000r\000m\000a\000t\000i\000o\000n\000/\000S\000u\000b\000E\000f\000f\000e\000c\000t\000C\000h\000e\000c\000k\000.\000h}{chapter.4}% 170
\BOOKMARK [2][-]{subsection.4.10.1}{\376\377\000説\000明}{section.4.10}% 171
\BOOKMARK [2][-]{subsection.4.10.2}{\376\377\000関\000数}{section.4.10}% 172
\BOOKMARK [3][-]{subsubsection.4.10.2.1}{\376\377\000c\000h\000e\000c\000k\000C\000o\000n\000t\000a\000i\000n\000S\000u\000b\000E\000f\000f\000e\000c\000t\000S\000t\000a\000t\000e\000m\000e\000n\000t}{subsection.4.10.2}% 173
\BOOKMARK [3][-]{subsubsection.4.10.2.2}{\376\377\000g\000e\000t\000A\000s\000s\000i\000g\000n\000m\000e\000n\000t\000\137\000T\000Y\000P\000E}{subsection.4.10.2}% 174
\BOOKMARK [1][-]{section.4.11}{\376\377\000A\000N\000S\000I\000C\000I\000n\000f\000o\000r\000m\000a\000t\000i\000o\000n\000/\000S\000y\000n\000b\000o\000l\000.\000h}{chapter.4}% 175
\BOOKMARK [2][-]{subsection.4.11.1}{\376\377\000説\000明}{section.4.11}% 176
\BOOKMARK [2][-]{subsection.4.11.2}{\376\377\000型\000定\000義}{section.4.11}% 177
\BOOKMARK [3][-]{subsubsection.4.11.2.1}{\376\377\000S\000T\000R\000U\000C\000T\000\137\000T\000A\000B\000L\000E}{subsection.4.11.2}% 178
\BOOKMARK [3][-]{subsubsection.4.11.2.2}{\376\377\000T\000Y\000P\000E\000D\000E\000F\000\137\000T\000A\000B\000L\000E}{subsection.4.11.2}% 179
\BOOKMARK [3][-]{subsubsection.4.11.2.3}{\376\377\000V\000A\000R\000I\000A\000B\000L\000E\000\137\000T\000A\000B\000L\000E}{subsection.4.11.2}% 180
\BOOKMARK [2][-]{subsection.4.11.3}{\376\377\000関\000数}{section.4.11}% 181
\BOOKMARK [3][-]{subsubsection.4.11.3.1}{\376\377\000d\000e\000l\000e\000t\000e\000P\000o\000i\000n\000t\000e\000r}{subsection.4.11.3}% 182
\BOOKMARK [3][-]{subsubsection.4.11.3.2}{\376\377\000d\000e\000l\000e\000t\000e\000P\000o\000i\000n\000t\000e\000r\000A\000n\000d\000A\000r\000r\000a\000y\000S\000y\000n\000b\000o\000l}{subsection.4.11.3}% 183
\BOOKMARK [3][-]{subsubsection.4.11.3.3}{\376\377\000f\000i\000n\000d\000\137\000S\000T\000R\000U\000C\000T\000\137\000T\000A\000B\000L\000E\000\137\000D\000A\000T\000A}{subsection.4.11.3}% 184
\BOOKMARK [3][-]{subsubsection.4.11.3.4}{\376\377\000g\000e\000t\000D\000e\000c\000l\000a\000r\000a\000t\000o\000r\000F\000r\000o\000m\000A\000S\000T}{subsection.4.11.3}% 185
\BOOKMARK [3][-]{subsubsection.4.11.3.5}{\376\377\000g\000e\000t\000M\000e\000m\000b\000e\000r\000L\000i\000s\000t}{subsection.4.11.3}% 186
\BOOKMARK [3][-]{subsubsection.4.11.3.6}{\376\377\000g\000e\000t\000P\000a\000r\000a\000m\000e\000t\000e\000r\000D\000a\000t\000a}{subsection.4.11.3}% 187
\BOOKMARK [3][-]{subsubsection.4.11.3.7}{\376\377\000g\000e\000t\000P\000a\000r\000a\000m\000e\000t\000e\000r\000V\000A\000R\000I\000A\000B\000L\000E\000\137\000T\000A\000B\000L\000E\000\137\000L\000I\000S\000T}{subsection.4.11.3}% 188
\BOOKMARK [3][-]{subsubsection.4.11.3.8}{\376\377\000g\000e\000t\000P\000o\000i\000n\000t\000e\000r\000L\000e\000v\000e\000l\000A\000n\000d\000A\000r\000r\000a\000y\000L\000e\000v\000e\000l}{subsection.4.11.3}% 189
\BOOKMARK [3][-]{subsubsection.4.11.3.9}{\376\377\000g\000e\000t\000P\000o\000i\000n\000t\000e\000r\000L\000e\000v\000e\000l\000A\000n\000d\000A\000r\000r\000a\000y\000L\000e\000v\000e\000l\000F\000r\000o\000m\000V\000A\000R\000I\000A\000B\000L\000E\000\137\000T\000A\000B\000L\000E}{subsection.4.11.3}% 190
\BOOKMARK [3][-]{subsubsection.4.11.3.10}{\376\377\000g\000e\000t\000S\000T\000R\000U\000C\000T\000\137\000D\000A\000T\000A}{subsection.4.11.3}% 191
\BOOKMARK [3][-]{subsubsection.4.11.3.11}{\376\377\000g\000e\000t\000S\000T\000R\000U\000C\000T\000\137\000T\000A\000B\000L\000E\000\137\000D\000A\000T\000A}{subsection.4.11.3}% 192
\BOOKMARK [3][-]{subsubsection.4.11.3.12}{\376\377\000g\000e\000t\000T\000Y\000P\000E\000D\000E\000F\000\137\000T\000A\000B\000L\000E\000\137\000D\000A\000T\000A}{subsection.4.11.3}% 193
\BOOKMARK [3][-]{subsubsection.4.11.3.13}{\376\377\000g\000e\000t\000T\000Y\000P\000E\000D\000E\000F\000f\000r\000o\000m\000A\000S\000T}{subsection.4.11.3}% 194
\BOOKMARK [3][-]{subsubsection.4.11.3.14}{\376\377\000g\000e\000t\000V\000A\000R\000I\000A\000B\000L\000E\000\137\000T\000A\000B\000L\000E\000\137\000L\000I\000S\000T}{subsection.4.11.3}% 195
\BOOKMARK [3][-]{subsubsection.4.11.3.15}{\376\377\000n\000e\000w\000\137\000S\000T\000R\000U\000C\000T\000\137\000T\000A\000B\000L\000E}{subsection.4.11.3}% 196
\BOOKMARK [3][-]{subsubsection.4.11.3.16}{\376\377\000n\000e\000w\000\137\000S\000T\000R\000U\000C\000T\000\137\000T\000A\000B\000L\000E\000\137\000w\000i\000t\000h\000\137\000c\000h\000a\000r}{subsection.4.11.3}% 197
\BOOKMARK [3][-]{subsubsection.4.11.3.17}{\376\377\000n\000e\000w\000\137\000T\000Y\000P\000E\000D\000E\000F\000\137\000T\000A\000B\000L\000E}{subsection.4.11.3}% 198
\BOOKMARK [3][-]{subsubsection.4.11.3.18}{\376\377\000n\000e\000w\000\137\000T\000Y\000P\000E\000D\000E\000F\000\137\000T\000A\000B\000L\000E\000\137\000w\000i\000t\000h\000\137\000c\000h\000a\000r}{subsection.4.11.3}% 199
\BOOKMARK [3][-]{subsubsection.4.11.3.19}{\376\377\000n\000e\000w\000\137\000V\000A\000R\000I\000A\000B\000L\000E\000\137\000T\000A\000B\000L\000E}{subsection.4.11.3}% 200
\BOOKMARK [3][-]{subsubsection.4.11.3.20}{\376\377\000n\000e\000w\000\137\000V\000A\000R\000I\000A\000B\000L\000E\000\137\000T\000A\000B\000L\000E\000\137\000w\000i\000t\000h\000\137\000c\000h\000a\000r}{subsection.4.11.3}% 201
\BOOKMARK [3][-]{subsubsection.4.11.3.21}{\376\377\000p\000r\000i\000n\000t\000S\000T\000R\000U\000C\000T\000\137\000T\000A\000B\000L\000E\000\137\000L\000I\000S\000T}{subsection.4.11.3}% 202
\BOOKMARK [3][-]{subsubsection.4.11.3.22}{\376\377\000p\000r\000i\000n\000t\000T\000Y\000P\000E\000D\000E\000F\000\137\000T\000A\000B\000L\000E\000\137\000L\000I\000S\000T}{subsection.4.11.3}% 203
\BOOKMARK [3][-]{subsubsection.4.11.3.23}{\376\377\000p\000r\000i\000n\000t\000V\000A\000R\000I\000A\000B\000L\000E\000\137\000T\000A\000B\000L\000E\000\137\000L\000I\000S\000T}{subsection.4.11.3}% 204
\BOOKMARK [3][-]{subsubsection.4.11.3.24}{\376\377\000s\000e\000a\000r\000c\000h\000V\000A\000R\000I\000A\000B\000L\000E\000\137\000T\000A\000B\000L\000E\000\137\000L\000I\000S\000T}{subsection.4.11.3}% 205
\BOOKMARK [1][-]{section.4.12}{\376\377\000A\000N\000S\000I\000C\000I\000n\000f\000o\000r\000m\000a\000t\000i\000o\000n\000/\000V\000a\000r\000i\000d\000a\000t\000e\000\137\000s\000t\000a\000t\000e\000m\000e\000n\000t\000.\000h}{chapter.4}% 206
\BOOKMARK [2][-]{subsection.4.12.1}{\376\377\000説\000明}{section.4.12}% 207
\BOOKMARK [2][-]{subsection.4.12.2}{\376\377\000型\000定\000義}{section.4.12}% 208
\BOOKMARK [3][-]{subsubsection.4.12.2.1}{\376\377\000V\000A\000L\000I\000D\000A\000T\000E\000\137\000S\000T\000A\000T\000E\000M\000E\000N\000T}{subsection.4.12.2}% 209
\BOOKMARK [3][-]{subsubsection.4.12.2.2}{\376\377\000V\000A\000L\000I\000D\000A\000T\000E\000\137\000V\000A\000R\000I\000A\000B\000L\000E}{subsection.4.12.2}% 210
\BOOKMARK [2][-]{subsection.4.12.3}{\376\377\000関\000数}{section.4.12}% 211
\BOOKMARK [3][-]{subsubsection.4.12.3.1}{\376\377\000A\000r\000r\000a\000y\000O\000f\000f\000s\000e\000t\000T\000o\000V\000a\000l\000i\000d\000a\000t\000e\000S\000t\000a\000t\000e\000m\000e\000n\000t}{subsection.4.12.3}% 212
\BOOKMARK [3][-]{subsubsection.4.12.3.2}{\376\377\000c\000r\000e\000a\000t\000e\000C\000h\000e\000c\000k\000U\000n\000b\000o\000u\000n\000d\000A\000n\000d\000U\000n\000d\000e\000f\000i\000n\000e\000O\000p\000e\000r\000a\000t\000i\000o\000n\000C\000h\000e\000c\000k}{subsection.4.12.3}% 213
\BOOKMARK [3][-]{subsubsection.4.12.3.3}{\376\377\000c\000r\000e\000a\000t\000e\000V\000a\000l\000i\000d\000a\000t\000e\000S\000t\000a\000t\000e\000m\000e\000n\000F\000r\000o\000m\000I\000n\000c\000D\000e\000c\000E\000x\000p\000r}{subsection.4.12.3}% 214
\BOOKMARK [3][-]{subsubsection.4.12.3.4}{\376\377\000c\000r\000e\000a\000t\000e\000V\000a\000l\000i\000d\000a\000t\000e\000S\000t\000a\000t\000e\000m\000e\000n\000t}{subsection.4.12.3}% 215
\BOOKMARK [3][-]{subsubsection.4.12.3.5}{\376\377\000c\000r\000e\000a\000t\000e\000V\000a\000l\000i\000d\000a\000t\000e\000S\000t\000a\000t\000e\000m\000e\000n\000t\000A\000d\000d\000e\000r\000F\000i\000l\000e\000E\000a\000c\000h\000C\000h\000e\000c\000k}{subsection.4.12.3}% 216
\BOOKMARK [3][-]{subsubsection.4.12.3.6}{\376\377\000c\000r\000e\000a\000t\000e\000V\000a\000l\000i\000d\000a\000t\000e\000S\000t\000a\000t\000e\000m\000e\000n\000t\000F\000o\000r\000F\000r\000e\000e\000A\000c\000t\000i\000o\000n}{subsection.4.12.3}% 217
\BOOKMARK [3][-]{subsubsection.4.12.3.7}{\376\377\000c\000r\000e\000a\000t\000e\000V\000a\000l\000i\000d\000a\000t\000e\000S\000t\000a\000t\000e\000m\000e\000n\000t\000F\000o\000r\000M\000a\000l\000l\000o\000c\000A\000c\000t\000i\000o\000n}{subsection.4.12.3}% 218
\BOOKMARK [3][-]{subsubsection.4.12.3.8}{\376\377\000c\000r\000e\000a\000t\000e\000V\000a\000l\000i\000d\000a\000t\000e\000S\000t\000a\000t\000e\000m\000e\000n\000t\000F\000r\000o\000m\000A\000r\000r\000a\000y\000D\000e\000f\000i\000n\000e}{subsection.4.12.3}% 219
\BOOKMARK [3][-]{subsubsection.4.12.3.9}{\376\377\000c\000r\000e\000a\000t\000e\000V\000a\000r\000i\000d\000a\000t\000e\000S\000t\000a\000t\000e\000m\000e\000n\000t\000F\000r\000o\000m\000P\000o\000i\000n\000t\000e\000r\000D\000e\000f\000i\000n\000e}{subsection.4.12.3}% 220
\BOOKMARK [3][-]{subsubsection.4.12.3.10}{\376\377\000c\000r\000e\000a\000t\000e\000V\000i\000o\000l\000e\000n\000t\000F\000r\000e\000e\000O\000p\000e\000r\000a\000t\000i\000o\000n}{subsection.4.12.3}% 221
\BOOKMARK [3][-]{subsubsection.4.12.3.11}{\376\377\000c\000r\000e\000a\000t\000e\000Z\000e\000r\000o\000D\000i\000v\000i\000t\000i\000o\000n\000C\000h\000e\000c\000k}{subsection.4.12.3}% 222
\BOOKMARK [3][-]{subsubsection.4.12.3.12}{\376\377\000f\000p\000r\000i\000n\000t\000P\000r\000o\000g\000r\000a\000m\000D\000a\000t\000a\000W\000i\000t\000h\000P\000S\000I\000V\000a\000r\000i\000d\000a\000t\000e\000S\000t\000a\000t\000e\000m\000e\000n\000t}{subsection.4.12.3}% 223
\BOOKMARK [3][-]{subsubsection.4.12.3.13}{\376\377\000f\000p\000r\000i\000n\000t\000P\000r\000o\000g\000r\000a\000m\000D\000a\000t\000a\000W\000i\000t\000h\000V\000a\000l\000i\000d\000a\000t\000e\000S\000t\000a\000t\000e\000m\000e\000n\000t}{subsection.4.12.3}% 224
\BOOKMARK [3][-]{subsubsection.4.12.3.14}{\376\377\000f\000p\000r\000i\000n\000t\000V\000a\000l\000i\000d\000a\000t\000e\000S\000t\000a\000t\000e\000m\000e\000n\000t}{subsection.4.12.3}% 225
\BOOKMARK [3][-]{subsubsection.4.12.3.15}{\376\377\000f\000p\000r\000i\000n\000t\000V\000a\000l\000i\000d\000a\000t\000e\000S\000t\000a\000t\000e\000m\000e\000n\000t\000\137\000n\000o\000t\000\137\000a\000s\000s\000e\000r\000t}{subsection.4.12.3}% 226
\BOOKMARK [3][-]{subsubsection.4.12.3.16}{\376\377\000g\000e\000t\000A\000S\000T\000L\000i\000s\000t\000\137\000F\000r\000o\000m\000V\000A\000L\000I\000D\000A\000T\000E\000\137\000S\000T\000A\000T\000E\000M\000E\000N\000T\000\137\000L\000I\000S\000T}{subsection.4.12.3}% 227
\BOOKMARK [3][-]{subsubsection.4.12.3.17}{\376\377\000g\000e\000t\000B\000a\000s\000i\000s\000L\000o\000c\000a\000t\000i\000o\000n\000F\000r\000o\000m\000A\000s\000s\000i\000g\000n\000m\000e\000n\000t\000E\000x\000p\000r\000e\000s\000s\000i\000o\000n}{subsection.4.12.3}% 228
\BOOKMARK [3][-]{subsubsection.4.12.3.18}{\376\377\000g\000e\000t\000B\000a\000s\000i\000s\000L\000o\000c\000a\000t\000i\000o\000n\000F\000r\000o\000m\000E\000x\000p\000r\000e\000s\000s\000i\000o\000n}{subsection.4.12.3}% 229
\BOOKMARK [3][-]{subsubsection.4.12.3.19}{\376\377\000g\000e\000t\000L\000e\000f\000t\000A\000s\000s\000i\000g\000n\000m\000e\000n\000t\000I\000n\000f\000o}{subsection.4.12.3}% 230
\BOOKMARK [3][-]{subsubsection.4.12.3.20}{\376\377\000g\000e\000t\000N\000e\000w\000V\000a\000l\000i\000d\000a\000t\000e\000S\000t\000a\000t\000e\000m\000e\000n\000t\000I\000D}{subsection.4.12.3}% 231
\BOOKMARK [3][-]{subsubsection.4.12.3.21}{\376\377\000g\000e\000t\000R\000i\000g\000h\000t\000A\000s\000s\000i\000g\000n\000m\000e\000n\000t\000I\000n\000f\000o}{subsection.4.12.3}% 232
\BOOKMARK [3][-]{subsubsection.4.12.3.22}{\376\377\000g\000e\000t\000V\000a\000l\000i\000d\000a\000t\000e\000\137\000V\000a\000r\000i\000a\000b\000l\000e}{subsection.4.12.3}% 233
\BOOKMARK [3][-]{subsubsection.4.12.3.23}{\376\377\000g\000e\000t\000V\000a\000l\000i\000d\000a\000t\000e\000S\000t\000a\000t\000e\000m\000e\000n\000t\000F\000r\000o\000m\000A\000s\000s\000i\000g\000n\000S\000t\000a\000t\000e\000m\000e\000n\000t}{subsection.4.12.3}% 234
\BOOKMARK [3][-]{subsubsection.4.12.3.24}{\376\377\000g\000e\000t\000V\000a\000l\000i\000d\000a\000t\000e\000S\000t\000a\000t\000e\000m\000e\000n\000t\000F\000r\000o\000m\000C\000a\000l\000l\000F\000u\000n\000c\000t\000i\000o\000n}{subsection.4.12.3}% 235
\BOOKMARK [3][-]{subsubsection.4.12.3.25}{\376\377\000g\000e\000t\000V\000a\000l\000i\000d\000a\000t\000e\000S\000t\000a\000t\000e\000m\000e\000n\000t\000F\000r\000o\000m\000F\000o\000r\000I\000t\000e\000r\000a\000t\000i\000o\000n}{subsection.4.12.3}% 236
\BOOKMARK [3][-]{subsubsection.4.12.3.26}{\376\377\000g\000e\000t\000V\000a\000l\000i\000d\000a\000t\000e\000S\000t\000a\000t\000e\000m\000e\000n\000t\000F\000r\000o\000m\000I\000n\000i\000t\000i\000a\000l\000i\000z\000e\000r}{subsection.4.12.3}% 237
\BOOKMARK [3][-]{subsubsection.4.12.3.27}{\376\377\000g\000e\000t\000V\000a\000l\000i\000d\000a\000t\000e\000S\000t\000a\000t\000e\000m\000e\000n\000t\000F\000r\000o\000m\000M\000a\000l\000l\000o\000c\000N\000u\000m\000b\000e\000r}{subsection.4.12.3}% 238
\BOOKMARK [3][-]{subsubsection.4.12.3.28}{\376\377\000g\000e\000t\000V\000a\000l\000i\000d\000a\000t\000e\000S\000t\000a\000t\000e\000m\000e\000n\000t\000F\000r\000o\000m\000P\000o\000i\000n\000t\000e\000r\000O\000p\000e\000r\000a\000t\000o\000r}{subsection.4.12.3}% 239
\BOOKMARK [3][-]{subsubsection.4.12.3.29}{\376\377\000i\000n\000i\000t\000V\000A\000L\000I\000D\000A\000T\000E\000\137\000S\000T\000A\000T\000E\000M\000E\000N\000T\000\137\000f\000l\000a\000g}{subsection.4.12.3}% 240
\BOOKMARK [3][-]{subsubsection.4.12.3.30}{\376\377\000n\000e\000w\000\137\000V\000A\000L\000I\000D\000A\000T\000E\000\137\000S\000T\000A\000T\000E\000M\000E\000N\000T}{subsection.4.12.3}% 241
\BOOKMARK [3][-]{subsubsection.4.12.3.31}{\376\377\000n\000e\000w\000\137\000V\000A\000L\000I\000D\000A\000T\000E\000\137\000S\000T\000A\000T\000E\000M\000E\000N\000T\000\137\000c\000h\000a\000r}{subsection.4.12.3}% 242
\BOOKMARK [3][-]{subsubsection.4.12.3.32}{\376\377\000n\000e\000w\000\137\000V\000A\000L\000I\000D\000A\000T\000E\000\137\000V\000A\000R\000I\000A\000B\000L\000E}{subsection.4.12.3}% 243
\BOOKMARK [3][-]{subsubsection.4.12.3.33}{\376\377\000n\000e\000w\000\137\000V\000A\000L\000I\000D\000A\000T\000E\000\137\000V\000A\000R\000I\000A\000B\000L\000E\000\137\000w\000i\000t\000h\000\137\000c\000h\000a\000r}{subsection.4.12.3}% 244
\BOOKMARK [3][-]{subsubsection.4.12.3.34}{\376\377\000p\000r\000i\000n\000t\000P\000r\000o\000g\000r\000a\000m\000D\000a\000t\000a\000W\000i\000t\000h\000V\000a\000l\000i\000d\000a\000t\000e\000S\000t\000a\000t\000e\000m\000e\000n\000t}{subsection.4.12.3}% 245
\BOOKMARK [3][-]{subsubsection.4.12.3.35}{\376\377\000p\000r\000i\000n\000t\000V\000A\000L\000I\000D\000A\000T\000E\000\137\000V\000A\000R\000I\000A\000B\000L\000E\000\137\000L\000I\000S\000T}{subsection.4.12.3}% 246
\BOOKMARK [3][-]{subsubsection.4.12.3.36}{\376\377\000s\000e\000t\000V\000a\000l\000i\000d\000a\000t\000e\000V\000a\000r\000i\000a\000b\000l\000e\000F\000r\000o\000m\000E\000x\000p\000r\000S\000l\000i\000c\000i\000n\000g}{subsection.4.12.3}% 247
\BOOKMARK [3][-]{subsubsection.4.12.3.37}{\376\377\000V\000A\000L\000I\000D\000A\000T\000E\000\137\000S\000T\000A\000T\000E\000M\000E\000N\000T\000\137\000L\000I\000S\000T\000\137\000s\000o\000r\000t\000\137\000a\000s\000t}{subsection.4.12.3}% 248
\BOOKMARK [1][-]{section.4.13}{\376\377\000L\000i\000b\000r\000a\000r\000y\000/\000C\000h\000a\000r\000S\000t\000r\000i\000n\000g\000E\000x\000t\000e\000n\000d\000.\000h}{chapter.4}% 249
\BOOKMARK [2][-]{subsection.4.13.1}{\376\377\000説\000明}{section.4.13}% 250
\BOOKMARK [2][-]{subsection.4.13.2}{\376\377\000関\000数}{section.4.13}% 251
\BOOKMARK [3][-]{subsubsection.4.13.2.1}{\376\377\000i\000s\000E\000x\000p\000r\000e\000s\000s\000i\000o\000n}{subsection.4.13.2}% 252
\BOOKMARK [3][-]{subsubsection.4.13.2.2}{\376\377\000s\000t\000r\000\137\000e\000x\000t\000r\000a\000c\000t}{subsection.4.13.2}% 253
\BOOKMARK [1][-]{section.4.14}{\376\377\000L\000i\000b\000r\000a\000r\000y\000/\000C\000S\000T\000L\000S\000t\000r\000i\000n\000g\000.\000h}{chapter.4}% 254
\BOOKMARK [2][-]{subsection.4.14.1}{\376\377\000説\000明}{section.4.14}% 255
\BOOKMARK [2][-]{subsection.4.14.2}{\376\377\000関\000数}{section.4.14}% 256
\BOOKMARK [3][-]{subsubsection.4.14.2.1}{\376\377\000C\000S\000T\000L\000S\000t\000r\000i\000n\000g\000\137\000c\000o\000m\000p\000a\000r\000e\000\137\000w\000i\000t\000h\000\137\000c\000h\000a\000r}{subsection.4.14.2}% 257
\BOOKMARK [3][-]{subsubsection.4.14.2.2}{\376\377\000C\000S\000T\000L\000S\000t\000r\000i\000n\000g\000\137\000d\000e\000l\000e\000t\000e\000\137\000t\000a\000i\000l\000\137\000s\000t\000r}{subsection.4.14.2}% 258
\BOOKMARK [3][-]{subsubsection.4.14.2.3}{\376\377\000C\000S\000T\000L\000S\000t\000r\000i\000n\000g\000\137\000l\000t\000r\000i\000m}{subsection.4.14.2}% 259
\BOOKMARK [3][-]{subsubsection.4.14.2.4}{\376\377\000C\000S\000T\000L\000S\000t\000r\000i\000n\000g\000\137\000p\000r\000i\000n\000t\000f}{subsection.4.14.2}% 260
\BOOKMARK [3][-]{subsubsection.4.14.2.5}{\376\377\000C\000S\000T\000L\000S\000t\000r\000i\000n\000g\000\137\000r\000e\000p\000l\000a\000c\000e\000\137\000s\000t\000r\000i\000n\000g}{subsection.4.14.2}% 261
\BOOKMARK [1][-]{section.4.15}{\376\377\000L\000i\000b\000r\000a\000r\000y\000/\000F\000l\000a\000g\000D\000a\000t\000a\000b\000a\000s\000e\000.\000h}{chapter.4}% 262
\BOOKMARK [2][-]{subsection.4.15.1}{\376\377\000説\000明}{section.4.15}% 263
\BOOKMARK [2][-]{subsection.4.15.2}{\376\377\000関\000数}{section.4.15}% 264
\BOOKMARK [3][-]{subsubsection.4.15.2.1}{\376\377\000g\000e\000t\000F\000l\000a\000g\000D\000a\000t\000a\000b\000a\000s\000e}{subsection.4.15.2}% 265
\BOOKMARK [3][-]{subsubsection.4.15.2.2}{\376\377\000i\000s\000A\000r\000r\000a\000y\000U\000n\000b\000o\000u\000n\000d\000C\000h\000e\000c\000k\000M\000o\000d\000e}{subsection.4.15.2}% 266
\BOOKMARK [3][-]{subsubsection.4.15.2.3}{\376\377\000i\000s\000F\000r\000e\000e\000V\000i\000o\000l\000a\000t\000i\000o\000n\000C\000h\000e\000c\000k\000M\000o\000d\000e}{subsection.4.15.2}% 267
\BOOKMARK [3][-]{subsubsection.4.15.2.4}{\376\377\000i\000s\000H\000e\000l\000p\000M\000o\000d\000e}{subsection.4.15.2}% 268
\BOOKMARK [3][-]{subsubsection.4.15.2.5}{\376\377\000i\000s\000P\000r\000o\000g\000r\000a\000m\000S\000l\000i\000c\000i\000n\000g\000M\000o\000d\000e}{subsection.4.15.2}% 269
\BOOKMARK [3][-]{subsubsection.4.15.2.6}{\376\377\000i\000s\000U\000n\000d\000e\000f\000i\000n\000e\000C\000o\000n\000t\000r\000o\000l\000C\000h\000e\000c\000k\000M\000o\000d\000e}{subsection.4.15.2}% 270
\BOOKMARK [3][-]{subsubsection.4.15.2.7}{\376\377\000i\000s\000X\000m\000l\000M\000o\000d\000e}{subsection.4.15.2}% 271
\BOOKMARK [3][-]{subsubsection.4.15.2.8}{\376\377\000i\000s\000Z\000e\000r\000o\000D\000i\000v\000i\000t\000i\000o\000n\000C\000h\000e\000c\000k\000M\000o\000d\000e}{subsection.4.15.2}% 272
\BOOKMARK [1][-]{section.4.16}{\376\377\000L\000i\000b\000r\000a\000r\000y\000/\000I\000d\000L\000i\000s\000t\000.\000h}{chapter.4}% 273
\BOOKMARK [2][-]{subsection.4.16.1}{\376\377\000説\000明}{section.4.16}% 274
\BOOKMARK [2][-]{subsection.4.16.2}{\376\377\000関\000数}{section.4.16}% 275
\BOOKMARK [3][-]{subsubsection.4.16.2.1}{\376\377\000I\000D\000L\000I\000S\000T\000\137\000c\000o\000m\000p\000a\000r\000e\000\137\000w\000i\000t\000h}{subsection.4.16.2}% 276
\BOOKMARK [3][-]{subsubsection.4.16.2.2}{\376\377\000p\000r\000i\000n\000t\000I\000D\000L\000I\000S\000T}{subsection.4.16.2}% 277
\BOOKMARK [3][-]{subsubsection.4.16.2.3}{\376\377\000S\000E\000T\000\137\000S\000T\000A\000C\000K\000\137\000I\000N\000T\000T\000o\000I\000D\000L\000I\000S\000T}{subsection.4.16.2}% 278
\BOOKMARK [1][-]{section.4.17}{\376\377\000L\000i\000b\000r\000a\000r\000y\000/\000S\000t\000a\000c\000k\000\137\000i\000n\000t\000.\000h}{chapter.4}% 279
\BOOKMARK [2][-]{subsection.4.17.1}{\376\377\000説\000明}{section.4.17}% 280
\BOOKMARK [2][-]{subsection.4.17.2}{\376\377\000関\000数}{section.4.17}% 281
\BOOKMARK [3][-]{subsubsection.4.17.2.1}{\376\377\000S\000T\000A\000C\000K\000\137\000I\000N\000T\000\137\000a\000t\000\137\000a\000n\000d\000\137\000a\000l\000l\000o\000c}{subsection.4.17.2}% 282
\BOOKMARK [3][-]{subsubsection.4.17.2.2}{\376\377\000S\000T\000A\000C\000K\000\137\000I\000N\000T\000\137\000i\000n\000c\000l\000e\000m\000e\000n\000t\000\137\000a\000t}{subsection.4.17.2}% 283
\BOOKMARK [1][-]{section.4.18}{\376\377\000M\000a\000i\000n\000/\000H\000e\000l\000p\000.\000h}{chapter.4}% 284
\BOOKMARK [2][-]{subsection.4.18.1}{\376\377\000説\000明}{section.4.18}% 285
\BOOKMARK [2][-]{subsection.4.18.2}{\376\377\000関\000数}{section.4.18}% 286
\BOOKMARK [3][-]{subsubsection.4.18.2.1}{\376\377\000v\000i\000e\000w\000H\000e\000l\000p}{subsection.4.18.2}% 287
\BOOKMARK [1][-]{section.4.19}{\376\377\000P\000r\000o\000g\000r\000a\000m\000S\000l\000i\000c\000i\000n\000g\000/\000D\000e\000c\000l\000a\000r\000a\000t\000i\000o\000n\000P\000S\000I\000.\000h}{chapter.4}% 288
\BOOKMARK [2][-]{subsection.4.19.1}{\376\377\000説\000明}{section.4.19}% 289
\BOOKMARK [2][-]{subsection.4.19.2}{\376\377\000関\000数}{section.4.19}% 290
\BOOKMARK [3][-]{subsubsection.4.19.2.1}{\376\377\000g\000e\000t\000D\000e\000c\000l\000a\000r\000a\000t\000i\000o\000n\000t\000P\000S\000I}{subsection.4.19.2}% 291
\BOOKMARK [1][-]{section.4.20}{\376\377\000P\000r\000o\000g\000r\000a\000m\000S\000l\000i\000c\000i\000n\000g\000/\000F\000u\000n\000c\000t\000i\000o\000n\000P\000S\000I\000.\000h}{chapter.4}% 292
\BOOKMARK [2][-]{subsection.4.20.1}{\376\377\000説\000明}{section.4.20}% 293
\BOOKMARK [2][-]{subsection.4.20.2}{\376\377\000関\000数}{section.4.20}% 294
\BOOKMARK [3][-]{subsubsection.4.20.2.1}{\376\377\000g\000e\000t\000F\000u\000n\000c\000t\000i\000o\000n\000P\000S\000I}{subsection.4.20.2}% 295
\BOOKMARK [3][-]{subsubsection.4.20.2.2}{\376\377\000g\000e\000t\000P\000a\000r\000a\000m\000e\000t\000e\000r\000P\000S\000I}{subsection.4.20.2}% 296
\BOOKMARK [1][-]{section.4.21}{\376\377\000P\000r\000o\000g\000r\000a\000m\000S\000l\000i\000c\000i\000n\000g\000/\000I\000f\000S\000t\000a\000t\000e\000m\000e\000n\000t\000P\000S\000I\000.\000h}{chapter.4}% 297
\BOOKMARK [2][-]{subsection.4.21.1}{\376\377\000説\000明}{section.4.21}% 298
\BOOKMARK [2][-]{subsection.4.21.2}{\376\377\000関\000数}{section.4.21}% 299
\BOOKMARK [3][-]{subsubsection.4.21.2.1}{\376\377\000g\000e\000t\000I\000f\000S\000t\000a\000t\000e\000m\000e\000n\000t\000P\000S\000I}{subsection.4.21.2}% 300
\BOOKMARK [1][-]{section.4.22}{\376\377\000P\000r\000o\000g\000r\000a\000m\000S\000l\000i\000c\000i\000n\000g\000/\000J\000u\000m\000p\000S\000t\000a\000t\000e\000m\000e\000n\000t\000P\000S\000I\000.\000h}{chapter.4}% 301
\BOOKMARK [2][-]{subsection.4.22.1}{\376\377\000説\000明}{section.4.22}% 302
\BOOKMARK [2][-]{subsection.4.22.2}{\376\377\000関\000数}{section.4.22}% 303
\BOOKMARK [3][-]{subsubsection.4.22.2.1}{\376\377\000g\000e\000t\000J\000u\000m\000p\000S\000t\000a\000t\000e\000m\000e\000n\000t\000P\000S\000I}{subsection.4.22.2}% 304
\BOOKMARK [1][-]{section.4.23}{\376\377\000P\000r\000o\000g\000r\000a\000m\000S\000l\000i\000c\000i\000n\000g\000/\000L\000a\000b\000e\000l\000e\000d\000S\000t\000a\000t\000e\000m\000e\000n\000t\000P\000S\000I\000.\000h}{chapter.4}% 305
\BOOKMARK [2][-]{subsection.4.23.1}{\376\377\000説\000明}{section.4.23}% 306
\BOOKMARK [2][-]{subsection.4.23.2}{\376\377\000関\000数}{section.4.23}% 307
\BOOKMARK [3][-]{subsubsection.4.23.2.1}{\376\377\000g\000e\000t\000L\000a\000b\000e\000l\000e\000d\000S\000t\000a\000t\000e\000m\000e\000n\000t\000P\000S\000I}{subsection.4.23.2}% 308
\BOOKMARK [1][-]{section.4.24}{\376\377\000P\000r\000o\000g\000r\000a\000m\000S\000l\000i\000c\000i\000n\000g\000/\000P\000r\000o\000g\000r\000a\000m\000S\000l\000i\000c\000i\000n\000g\000.\000h}{chapter.4}% 309
\BOOKMARK [2][-]{subsection.4.24.1}{\376\377\000説\000明}{section.4.24}% 310
\BOOKMARK [2][-]{subsection.4.24.2}{\376\377\000関\000数}{section.4.24}% 311
\BOOKMARK [3][-]{subsubsection.4.24.2.1}{\376\377\000c\000r\000e\000a\000t\000e\000D\000D\000\137\000l\000i\000s\000t}{subsection.4.24.2}% 312
\BOOKMARK [3][-]{subsubsection.4.24.2.2}{\376\377\000c\000r\000e\000a\000t\000e\000D\000D\000\137\000l\000i\000s\000t\000\137\000i\000n\000\137\000a\000r\000g\000u\000m\000e\000n\000t}{subsection.4.24.2}% 313
\BOOKMARK [3][-]{subsubsection.4.24.2.3}{\376\377\000c\000r\000e\000a\000t\000e\000D\000D\000\137\000l\000i\000s\000t\000\137\000i\000n\000\137\000F\000u\000n\000c\000t\000i\000o\000n}{subsection.4.24.2}% 314
\BOOKMARK [3][-]{subsubsection.4.24.2.4}{\376\377\000c\000r\000e\000a\000t\000e\000D\000D\000\137\000l\000i\000s\000t\000\137\000i\000n\000\137\000g\000l\000o\000b\000a\000l}{subsection.4.24.2}% 315
\BOOKMARK [3][-]{subsubsection.4.24.2.5}{\376\377\000c\000r\000e\000a\000t\000e\000D\000D\000\137\000l\000i\000s\000t\000A\000l\000l}{subsection.4.24.2}% 316
\BOOKMARK [3][-]{subsubsection.4.24.2.6}{\376\377\000c\000r\000e\000a\000t\000e\000S\000t\000a\000t\000e\000m\000e\000n\000t\000N\000o\000d\000e\000L\000i\000s\000t}{subsection.4.24.2}% 317
\BOOKMARK [3][-]{subsubsection.4.24.2.7}{\376\377\000s\000t\000a\000r\000t\000S\000t\000a\000t\000i\000c\000S\000l\000i\000c\000i\000n\000g}{subsection.4.24.2}% 318
\BOOKMARK [3][-]{subsubsection.4.24.2.8}{\376\377\000s\000t\000a\000t\000i\000c\000S\000l\000i\000c\000i\000n\000g}{subsection.4.24.2}% 319
\BOOKMARK [1][-]{section.4.25}{\376\377\000P\000r\000o\000g\000r\000a\000m\000S\000l\000i\000c\000i\000n\000g\000/\000R\000e\000t\000u\000r\000n\000S\000t\000a\000t\000e\000m\000e\000n\000t\000P\000S\000I\000.\000h}{chapter.4}% 320
\BOOKMARK [2][-]{subsection.4.25.1}{\376\377\000説\000明}{section.4.25}% 321
\BOOKMARK [2][-]{subsection.4.25.2}{\376\377\000関\000数}{section.4.25}% 322
\BOOKMARK [3][-]{subsubsection.4.25.2.1}{\376\377\000g\000e\000t\000R\000e\000t\000u\000r\000n\000S\000t\000a\000t\000e\000m\000e\000n\000t\000P\000S\000I}{subsection.4.25.2}% 323
\BOOKMARK [1][-]{section.4.26}{\376\377\000P\000r\000o\000g\000r\000a\000m\000S\000l\000i\000c\000i\000n\000g\000/\000S\000w\000i\000t\000c\000h\000S\000t\000a\000t\000e\000m\000e\000n\000t\000P\000S\000I\000.\000h}{chapter.4}% 324
\BOOKMARK [2][-]{subsection.4.26.1}{\376\377\000説\000明}{section.4.26}% 325
\BOOKMARK [2][-]{subsection.4.26.2}{\376\377\000関\000数}{section.4.26}% 326
\BOOKMARK [3][-]{subsubsection.4.26.2.1}{\376\377\000g\000e\000t\000S\000w\000i\000c\000t\000h\000S\000t\000a\000t\000e\000m\000e\000n\000t\000P\000S\000I}{subsection.4.26.2}% 327
